#
# There is insufficient memory for the Java Runtime Environment to continue.
# Native memory allocation (malloc) failed to allocate 1101616 bytes. Error detail: Chunk::new
# Possible reasons:
#   The system is out of physical RAM or swap space
#   This process is running with CompressedOops enabled, and the Java Heap may be blocking the growth of the native heap
# Possible solutions:
#   Reduce memory load on the system
#   Increase physical memory or swap space
#   Check if swap backing store is full
#   Decrease Java heap size (-Xmx/-Xms)
#   Decrease number of Java threads
#   Decrease Java thread stack sizes (-Xss)
#   Set larger code cache with -XX:ReservedCodeCacheSize=
#   JVM is running with Unscaled Compressed Oops mode in which the Java heap is
#     placed in the first 4GB address space. The Java Heap base address is the
#     maximum limit for the native heap growth. Please use -XX:HeapBaseMinAddress
#     to set the Java Heap base and to place the Java Heap above 4GB virtual address.
# This output file may be truncated or incomplete.
#
#  Out of Memory Error (arena.cpp:168), pid=676, tid=15776
#
# JRE version: OpenJDK Runtime Environment Temurin-21.0.8+9 (21.0.8+9) (build 21.0.8+9-LTS)
# Java VM: OpenJDK 64-Bit Server VM Temurin-21.0.8+9 (21.0.8+9-LTS, mixed mode, sharing, tiered, compressed oops, compressed class ptrs, parallel gc, windows-amd64)
# No core dump will be written. Minidumps are not enabled by default on client versions of Windows
#

---------------  S U M M A R Y ------------

Command Line: --add-modules=ALL-SYSTEM --add-opens=java.base/java.util=ALL-UNNAMED --add-opens=java.base/java.lang=ALL-UNNAMED --add-opens=java.base/sun.nio.fs=ALL-UNNAMED -Declipse.application=org.eclipse.jdt.ls.core.id1 -Dosgi.bundles.defaultStartLevel=4 -Declipse.product=org.eclipse.jdt.ls.core.product -Djava.import.generatesMetadataFilesAtProjectRoot=false -DDetectVMInstallationsJob.disabled=true -Dfile.encoding=utf8 -XX:+UseParallelGC -XX:GCTimeRatio=4 -XX:AdaptiveSizePolicyWeight=90 -Dsun.zip.disableMemoryMapping=true -Xmx2G -Xms100m -Xlog:disable -javaagent:c:\Users\DELL\.vscode\extensions\redhat.java-1.44.0-win32-x64\lombok\lombok-1.18.39-4050.jar -XX:+HeapDumpOnOutOfMemoryError -XX:HeapDumpPath=c:\Users\DELL\AppData\Roaming\Code\User\workspaceStorage\eb21bef9fd1b8dd25457df91183e67b7\redhat.java -Daether.dependencyCollector.impl=bf c:\Users\DELL\.vscode\extensions\redhat.java-1.44.0-win32-x64\server\plugins\org.eclipse.equinox.launcher_1.7.0.v20250519-0528.jar -configuration c:\Users\DELL\AppData\Roaming\Code\User\globalStorage\redhat.java\1.44.0\config_win -data c:\Users\DELL\AppData\Roaming\Code\User\workspaceStorage\eb21bef9fd1b8dd25457df91183e67b7\redhat.java\jdt_ws --pipe=\\.\pipe\lsp-765ef04361389a4c5f467b76d9e91ffc-sock

Host: Intel(R) Core(TM) i7-8550U CPU @ 1.80GHz, 8 cores, 7G,  Windows 11 , 64 bit Build 22621 (10.0.22621.5415)
Time: Wed Aug  6 13:08:25 2025 SE Asia Standard Time elapsed time: 55.943566 seconds (0d 0h 0m 55s)

---------------  T H R E A D  ---------------

Current thread (0x0000015728299d50):  JavaThread "C2 CompilerThread0" daemon [_thread_in_native, id=15776, stack(0x0000001ed2300000,0x0000001ed2400000) (1024K)]


Current CompileTask:
C2:55943 11865       4       java.lang.invoke.MethodType::makeImpl (109 bytes)

Stack: [0x0000001ed2300000,0x0000001ed2400000]
Native frames: (J=compiled Java code, j=interpreted, Vv=VM code, C=native code)
V  [jvm.dll+0x6d2449]
V  [jvm.dll+0x8ae341]
V  [jvm.dll+0x8b08be]
V  [jvm.dll+0x8b0fa3]
V  [jvm.dll+0x280c96]
V  [jvm.dll+0xc581d]
V  [jvm.dll+0xc5d53]
V  [jvm.dll+0x2f539d]
V  [jvm.dll+0x5fa00a]
V  [jvm.dll+0x252092]
V  [jvm.dll+0x25244f]
V  [jvm.dll+0x24ad14]
V  [jvm.dll+0x2483a4]
V  [jvm.dll+0x1c89ee]
V  [jvm.dll+0x257d4d]
V  [jvm.dll+0x2562ea]
V  [jvm.dll+0x3f2d16]
V  [jvm.dll+0x857e6b]
V  [jvm.dll+0x6d0b0d]
C  [ucrtbase.dll+0x29333]
C  [KERNEL32.DLL+0x1259d]
C  [ntdll.dll+0x5af78]


---------------  P R O C E S S  ---------------

Threads class SMR info:
_java_thread_list=0x0000015789d938a0, length=64, elements={
0x00000157283244b0, 0x000001572828ea90, 0x0000015728290390, 0x0000015728292630,
0x0000015728293540, 0x0000015728295550, 0x00000157282961a0, 0x0000015728299d50,
0x000001572829bb00, 0x0000015781604580, 0x000001578188f120, 0x000001578655ac60,
0x00000157863c9620, 0x000001578648b800, 0x000001578604fa10, 0x00000157860d3a00,
0x00000157861db050, 0x0000015786482e60, 0x00000157864827d0, 0x0000015786484210,
0x00000157864834f0, 0x0000015786481ab0, 0x0000015786480d90, 0x0000015786483b80,
0x0000015786482140, 0x0000015786481420, 0x00000157875032d0, 0x00000157874fd060,
0x00000157874ffe50, 0x0000015787500b70, 0x0000015787502c40, 0x0000015787503960,
0x0000015787501200, 0x00000157874fc9d0, 0x00000157874ff130, 0x0000015787503ff0,
0x00000157874fd6f0, 0x00000157874fdd80, 0x0000015787501890, 0x00000157874fe410,
0x00000157875004e0, 0x0000015787501f20, 0x00000157875025b0, 0x00000157865eee60,
0x00000157865ef4f0, 0x00000157865ec700, 0x00000157865f22e0, 0x00000157865f08a0,
0x00000157865f0f30, 0x00000157865efb80, 0x00000157865ecd90, 0x00000157865f0210,
0x00000157865ec070, 0x00000157865ed420, 0x00000157865f15c0, 0x00000157865f2970,
0x00000157865f1c50, 0x00000157865edab0, 0x00000157865ee7d0, 0x00000157865f3690,
0x00000157865ee140, 0x0000015789b2f490, 0x0000015789b36420, 0x0000015789b31560
}

Java Threads: ( => current thread )
  0x00000157283244b0 JavaThread "main"                              [_thread_blocked, id=22028, stack(0x0000001ed1900000,0x0000001ed1a00000) (1024K)]
  0x000001572828ea90 JavaThread "Reference Handler"          daemon [_thread_blocked, id=5188, stack(0x0000001ed1d00000,0x0000001ed1e00000) (1024K)]
  0x0000015728290390 JavaThread "Finalizer"                  daemon [_thread_blocked, id=18672, stack(0x0000001ed1e00000,0x0000001ed1f00000) (1024K)]
  0x0000015728292630 JavaThread "Signal Dispatcher"          daemon [_thread_blocked, id=19884, stack(0x0000001ed1f00000,0x0000001ed2000000) (1024K)]
  0x0000015728293540 JavaThread "Attach Listener"            daemon [_thread_blocked, id=15396, stack(0x0000001ed2000000,0x0000001ed2100000) (1024K)]
  0x0000015728295550 JavaThread "Service Thread"             daemon [_thread_blocked, id=7996, stack(0x0000001ed2100000,0x0000001ed2200000) (1024K)]
  0x00000157282961a0 JavaThread "Monitor Deflation Thread"   daemon [_thread_blocked, id=7948, stack(0x0000001ed2200000,0x0000001ed2300000) (1024K)]
=>0x0000015728299d50 JavaThread "C2 CompilerThread0"         daemon [_thread_in_native, id=15776, stack(0x0000001ed2300000,0x0000001ed2400000) (1024K)]
  0x000001572829bb00 JavaThread "C1 CompilerThread0"         daemon [_thread_blocked, id=6596, stack(0x0000001ed2400000,0x0000001ed2500000) (1024K)]
  0x0000015781604580 JavaThread "Common-Cleaner"             daemon [_thread_blocked, id=1676, stack(0x0000001ed2500000,0x0000001ed2600000) (1024K)]
  0x000001578188f120 JavaThread "Notification Thread"        daemon [_thread_blocked, id=7920, stack(0x0000001ed2600000,0x0000001ed2700000) (1024K)]
  0x000001578655ac60 JavaThread "Active Thread: Equinox Container: dbb6a177-3b5c-4032-b5a8-b4a70c8cc71f"        [_thread_blocked, id=16292, stack(0x0000001ed2d00000,0x0000001ed2e00000) (1024K)]
  0x00000157863c9620 JavaThread "Refresh Thread: Equinox Container: dbb6a177-3b5c-4032-b5a8-b4a70c8cc71f" daemon [_thread_blocked, id=18280, stack(0x0000001ed2f00000,0x0000001ed3000000) (1024K)]
  0x000001578648b800 JavaThread "Framework Event Dispatcher: Equinox Container: dbb6a177-3b5c-4032-b5a8-b4a70c8cc71f" daemon [_thread_blocked, id=20084, stack(0x0000001ed3000000,0x0000001ed3100000) (1024K)]
  0x000001578604fa10 JavaThread "Start Level: Equinox Container: dbb6a177-3b5c-4032-b5a8-b4a70c8cc71f" daemon [_thread_blocked, id=22904, stack(0x0000001ed3100000,0x0000001ed3200000) (1024K)]
  0x00000157860d3a00 JavaThread "Bundle File Closer"         daemon [_thread_blocked, id=19068, stack(0x0000001ed3200000,0x0000001ed3300000) (1024K)]
  0x00000157861db050 JavaThread "SCR Component Actor"        daemon [_thread_blocked, id=16072, stack(0x0000001ed3300000,0x0000001ed3400000) (1024K)]
  0x0000015786482e60 JavaThread "Worker-JM"                         [_thread_blocked, id=22612, stack(0x0000001ed3600000,0x0000001ed3700000) (1024K)]
  0x00000157864827d0 JavaThread "JNA Cleaner"                daemon [_thread_blocked, id=7768, stack(0x0000001ed3700000,0x0000001ed3800000) (1024K)]
  0x0000015786484210 JavaThread "Worker-0"                          [_thread_blocked, id=9404, stack(0x0000001ed3800000,0x0000001ed3900000) (1024K)]
  0x00000157864834f0 JavaThread "Worker-1"                          [_thread_blocked, id=19132, stack(0x0000001ed3900000,0x0000001ed3a00000) (1024K)]
  0x0000015786481ab0 JavaThread "Java indexing"              daemon [_thread_in_native, id=21756, stack(0x0000001ed3a00000,0x0000001ed3b00000) (1024K)]
  0x0000015786480d90 JavaThread "Worker-2: Initialize workspace"        [_thread_in_native, id=22572, stack(0x0000001ed3b00000,0x0000001ed3c00000) (1024K)]
  0x0000015786483b80 JavaThread "Worker-3"                          [_thread_blocked, id=7856, stack(0x0000001ed3c00000,0x0000001ed3d00000) (1024K)]
  0x0000015786482140 JavaThread "Worker-4: Java indexing... "        [_thread_blocked, id=18960, stack(0x0000001ed3d00000,0x0000001ed3e00000) (1024K)]
  0x0000015786481420 JavaThread "Thread-2"                   daemon [_thread_in_native, id=12496, stack(0x0000001ed3e00000,0x0000001ed3f00000) (1024K)]
  0x00000157875032d0 JavaThread "Thread-3"                   daemon [_thread_in_native, id=4296, stack(0x0000001ed3f00000,0x0000001ed4000000) (1024K)]
  0x00000157874fd060 JavaThread "Thread-4"                   daemon [_thread_in_native, id=8184, stack(0x0000001ed4000000,0x0000001ed4100000) (1024K)]
  0x00000157874ffe50 JavaThread "Thread-5"                   daemon [_thread_in_native, id=20772, stack(0x0000001ed4100000,0x0000001ed4200000) (1024K)]
  0x0000015787500b70 JavaThread "Thread-6"                   daemon [_thread_in_native, id=14048, stack(0x0000001ed4200000,0x0000001ed4300000) (1024K)]
  0x0000015787502c40 JavaThread "Thread-7"                   daemon [_thread_in_native, id=23432, stack(0x0000001ed4300000,0x0000001ed4400000) (1024K)]
  0x0000015787503960 JavaThread "Thread-8"                   daemon [_thread_in_native, id=13836, stack(0x0000001ed4400000,0x0000001ed4500000) (1024K)]
  0x0000015787501200 JavaThread "Thread-9"                   daemon [_thread_in_native, id=16840, stack(0x0000001ed4500000,0x0000001ed4600000) (1024K)]
  0x00000157874fc9d0 JavaThread "Thread-10"                  daemon [_thread_in_native, id=21416, stack(0x0000001ed4600000,0x0000001ed4700000) (1024K)]
  0x00000157874ff130 JavaThread "pool-2-thread-1"                   [_thread_blocked, id=11788, stack(0x0000001ed4700000,0x0000001ed4800000) (1024K)]
  0x0000015787503ff0 JavaThread "WorkspaceEventsHandler"            [_thread_blocked, id=11972, stack(0x0000001ed4800000,0x0000001ed4900000) (1024K)]
  0x00000157874fd6f0 JavaThread "pool-1-thread-1"                   [_thread_blocked, id=22088, stack(0x0000001ed4900000,0x0000001ed4a00000) (1024K)]
  0x00000157874fdd80 JavaThread "Worker-5"                          [_thread_blocked, id=15432, stack(0x0000001ed4a00000,0x0000001ed4b00000) (1024K)]
  0x0000015787501890 JavaThread "Worker-6"                          [_thread_blocked, id=2284, stack(0x0000001ed4b00000,0x0000001ed4c00000) (1024K)]
  0x00000157874fe410 JavaThread "Worker-7"                          [_thread_blocked, id=19280, stack(0x0000001ed4d00000,0x0000001ed4e00000) (1024K)]
  0x00000157875004e0 JavaThread "LocalFile Deleter"          daemon [_thread_blocked, id=21328, stack(0x0000001ed1600000,0x0000001ed1700000) (1024K)]
  0x0000015787501f20 JavaThread "LocalFile Deleter"          daemon [_thread_blocked, id=12100, stack(0x0000001ed3400000,0x0000001ed3500000) (1024K)]
  0x00000157875025b0 JavaThread "LocalFile Deleter"          daemon [_thread_blocked, id=11176, stack(0x0000001ed3500000,0x0000001ed3600000) (1024K)]
  0x00000157865eee60 JavaThread "LocalFile Deleter"          daemon [_thread_blocked, id=15796, stack(0x0000001ed4e00000,0x0000001ed4f00000) (1024K)]
  0x00000157865ef4f0 JavaThread "LocalFile Deleter"          daemon [_thread_blocked, id=22628, stack(0x0000001ed4f00000,0x0000001ed5000000) (1024K)]
  0x00000157865ec700 JavaThread "LocalFile Deleter"          daemon [_thread_blocked, id=6196, stack(0x0000001ed5000000,0x0000001ed5100000) (1024K)]
  0x00000157865f22e0 JavaThread "LocalFile Deleter"          daemon [_thread_blocked, id=21312, stack(0x0000001ed5100000,0x0000001ed5200000) (1024K)]
  0x00000157865f08a0 JavaThread "LocalFile Deleter"          daemon [_thread_blocked, id=12564, stack(0x0000001ed5200000,0x0000001ed5300000) (1024K)]
  0x00000157865f0f30 JavaThread "Compiler Source File Reader" daemon [_thread_blocked, id=4284, stack(0x0000001ed5300000,0x0000001ed5400000) (1024K)]
  0x00000157865efb80 JavaThread "Compiler Source File Reader" daemon [_thread_blocked, id=18160, stack(0x0000001ed5400000,0x0000001ed5500000) (1024K)]
  0x00000157865ecd90 JavaThread "Compiler Source File Reader" daemon [_thread_blocked, id=13784, stack(0x0000001ed5500000,0x0000001ed5600000) (1024K)]
  0x00000157865f0210 JavaThread "Compiler Source File Reader" daemon [_thread_blocked, id=2720, stack(0x0000001ed5600000,0x0000001ed5700000) (1024K)]
  0x00000157865ec070 JavaThread "Compiler Source File Reader" daemon [_thread_blocked, id=20232, stack(0x0000001ed5700000,0x0000001ed5800000) (1024K)]
  0x00000157865ed420 JavaThread "Compiler Source File Reader" daemon [_thread_blocked, id=18552, stack(0x0000001ed5800000,0x0000001ed5900000) (1024K)]
  0x00000157865f15c0 JavaThread "Compiler Processing Task"   daemon [_thread_blocked, id=6688, stack(0x0000001ed5900000,0x0000001ed5a00000) (1024K)]
  0x00000157865f2970 JavaThread "Compiler Class File Writer" daemon [_thread_blocked, id=21252, stack(0x0000001ed5a00000,0x0000001ed5b00000) (1024K)]
  0x00000157865f1c50 JavaThread "Compiler Class File Writer" daemon [_thread_blocked, id=15364, stack(0x0000001ed5b00000,0x0000001ed5c00000) (1024K)]
  0x00000157865edab0 JavaThread "Compiler Class File Writer" daemon [_thread_blocked, id=17476, stack(0x0000001ed5c00000,0x0000001ed5d00000) (1024K)]
  0x00000157865ee7d0 JavaThread "Compiler Class File Writer" daemon [_thread_blocked, id=13452, stack(0x0000001ed5d00000,0x0000001ed5e00000) (1024K)]
  0x00000157865f3690 JavaThread "Compiler Class File Writer" daemon [_thread_blocked, id=13864, stack(0x0000001ed5e00000,0x0000001ed5f00000) (1024K)]
  0x00000157865ee140 JavaThread "Compiler Class File Writer" daemon [_thread_blocked, id=17264, stack(0x0000001ed5f00000,0x0000001ed6000000) (1024K)]
  0x0000015789b2f490 JavaThread "ForkJoinPool.commonPool-worker-1" daemon [_thread_in_vm, id=5572, stack(0x0000001ed6000000,0x0000001ed6100000) (1024K)]
  0x0000015789b36420 JavaThread "ForkJoinPool.commonPool-worker-2" daemon [_thread_blocked, id=16624, stack(0x0000001ed6100000,0x0000001ed6200000) (1024K)]
  0x0000015789b31560 JavaThread "SCR Component Registry"     daemon [_thread_blocked, id=23196, stack(0x0000001ed6200000,0x0000001ed6300000) (1024K)]
Total: 64

Other Threads:
  0x00000157283de7b0 VMThread "VM Thread"                           [id=19580, stack(0x0000001ed1c00000,0x0000001ed1d00000) (1024K)]
  0x000001572838f7d0 WatcherThread "VM Periodic Task Thread"        [id=5168, stack(0x0000001ed1b00000,0x0000001ed1c00000) (1024K)]
  0x0000015728342900 WorkerThread "GC Thread#0"                     [id=1112, stack(0x0000001ed1a00000,0x0000001ed1b00000) (1024K)]
  0x0000015786329cc0 WorkerThread "GC Thread#1"                     [id=14564, stack(0x0000001ed2700000,0x0000001ed2800000) (1024K)]
  0x000001578632a060 WorkerThread "GC Thread#2"                     [id=2244, stack(0x0000001ed2800000,0x0000001ed2900000) (1024K)]
  0x000001578632a400 WorkerThread "GC Thread#3"                     [id=13512, stack(0x0000001ed2900000,0x0000001ed2a00000) (1024K)]
  0x00000157818c6c80 WorkerThread "GC Thread#4"                     [id=21124, stack(0x0000001ed2a00000,0x0000001ed2b00000) (1024K)]
  0x00000157818c7430 WorkerThread "GC Thread#5"                     [id=7192, stack(0x0000001ed2b00000,0x0000001ed2c00000) (1024K)]
  0x00000157818c77d0 WorkerThread "GC Thread#6"                     [id=19448, stack(0x0000001ed2c00000,0x0000001ed2d00000) (1024K)]
  0x00000157863c8a60 WorkerThread "GC Thread#7"                     [id=2360, stack(0x0000001ed2e00000,0x0000001ed2f00000) (1024K)]
Total: 10

Threads with active compile tasks:
C2 CompilerThread0  56017 11865       4       java.lang.invoke.MethodType::makeImpl (109 bytes)
Total: 1

VM state: not at safepoint (normal execution)

VM Mutex/Monitor currently owned by a thread: None

Heap address: 0x0000000080000000, size: 2048 MB, Compressed Oops mode: 32-bit

CDS archive(s) mapped at: [0x000001573f000000-0x000001573fba0000-0x000001573fba0000), size 12189696, SharedBaseAddress: 0x000001573f000000, ArchiveRelocationMode: 1.
Compressed class space mapped at: 0x0000015740000000-0x0000015780000000, reserved size: 1073741824
Narrow klass base: 0x000001573f000000, Narrow klass shift: 0, Narrow klass range: 0x100000000

GC Precious Log:
 CardTable entry size: 512
 CPUs: 8 total, 8 available
 Memory: 7919M
 Large Page Support: Disabled
 NUMA Support: Disabled
 Compressed Oops: Enabled (32-bit)
 Alignments: Space 512K, Generation 512K, Heap 2M
 Heap Min Capacity: 100M
 Heap Initial Capacity: 100M
 Heap Max Capacity: 2G
 Pre-touch: Disabled
 Parallel Workers: 8

Heap:
 PSYoungGen      total 3584K, used 1238K [0x00000000d5580000, 0x00000000d5a80000, 0x0000000100000000)
  eden space 2048K, 9% used [0x00000000d5580000,0x00000000d55b2ad0,0x00000000d5780000)
  from space 1536K, 67% used [0x00000000d5900000,0x00000000d5a03010,0x00000000d5a80000)
  to   space 1536K, 0% used [0x00000000d5780000,0x00000000d5780000,0x00000000d5900000)
 ParOldGen       total 382464K, used 367962K [0x0000000080000000, 0x0000000097580000, 0x00000000d5580000)
  object space 382464K, 96% used [0x0000000080000000,0x00000000967569f8,0x0000000097580000)
 Metaspace       used 69174K, committed 70720K, reserved 1114112K
  class space    used 7419K, committed 8128K, reserved 1048576K

Card table byte_map: [0x0000015727cc0000,0x00000157280d0000] _byte_map_base: 0x00000157278c0000

Marking Bits: (ParMarkBitMap*) 0x00007ffd91f2a340
 Begin Bits: [0x000001573a7c0000, 0x000001573c7c0000)
 End Bits:   [0x000001573c7c0000, 0x000001573e7c0000)

Polling page: 0x0000015726190000

Metaspace:

Usage:
  Non-class:     60.31 MB used.
      Class:      7.25 MB used.
       Both:     67.55 MB used.

Virtual space:
  Non-class space:       64.00 MB reserved,      61.12 MB ( 96%) committed,  1 nodes.
      Class space:        1.00 GB reserved,       7.94 MB ( <1%) committed,  1 nodes.
             Both:        1.06 GB reserved,      69.06 MB (  6%) committed. 

Chunk freelists:
   Non-Class:  2.57 MB
       Class:  7.92 MB
        Both:  10.50 MB

MaxMetaspaceSize: unlimited
CompressedClassSpaceSize: 1.00 GB
Initial GC threshold: 21.00 MB
Current GC threshold: 97.81 MB
CDS: on
 - commit_granule_bytes: 65536.
 - commit_granule_words: 8192.
 - virtual_space_node_default_size: 8388608.
 - enlarge_chunks_in_place: 1.
 - use_allocation_guard: 0.


Internal statistics:

num_allocs_failed_limit: 13.
num_arena_births: 1252.
num_arena_deaths: 14.
num_vsnodes_births: 2.
num_vsnodes_deaths: 0.
num_space_committed: 1105.
num_space_uncommitted: 0.
num_chunks_returned_to_freelist: 27.
num_chunks_taken_from_freelist: 4391.
num_chunk_merges: 10.
num_chunk_splits: 2658.
num_chunks_enlarged: 1465.
num_inconsistent_stats: 0.

CodeHeap 'non-profiled nmethods': size=120000Kb used=6499Kb max_used=6499Kb free=113500Kb
 bounds [0x0000015732fe0000, 0x0000015733640000, 0x000001573a510000]
CodeHeap 'profiled nmethods': size=120000Kb used=23422Kb max_used=23422Kb free=96577Kb
 bounds [0x000001572b510000, 0x000001572cbf0000, 0x0000015732a40000]
CodeHeap 'non-nmethods': size=5760Kb used=1479Kb max_used=1530Kb free=4281Kb
 bounds [0x0000015732a40000, 0x0000015732cb0000, 0x0000015732fe0000]
CodeCache: size=245760Kb, used=31400Kb, max_used=31451Kb, free=214358Kb
 total_blobs=12033, nmethods=11235, adapters=704, full_count=0
Compilation: enabled, stopped_count=0, restarted_count=0

Compilation events (20 events):
Event: 55.901 Thread 0x000001572829bb00 12012   !   2       org.eclipse.sisu.inject.RankedBindings::newBeanCache (38 bytes)
Event: 55.901 Thread 0x000001572829bb00 nmethod 12012 0x000001572cbe8d90 code [0x000001572cbe8f40, 0x000001572cbe91e0]
Event: 55.901 Thread 0x000001572829bb00 12013       2       org.eclipse.sisu.inject.BeanCache::<init> (5 bytes)
Event: 55.901 Thread 0x000001572829bb00 nmethod 12013 0x000001572cbe9310 code [0x000001572cbe94a0, 0x000001572cbe95a8]
Event: 55.901 Thread 0x000001572829bb00 12014       2       org.eclipse.sisu.inject.MildElements::add (66 bytes)
Event: 55.902 Thread 0x000001572829bb00 nmethod 12014 0x000001572cbe9690 code [0x000001572cbe98a0, 0x000001572cbe9d00]
Event: 55.902 Thread 0x000001572829bb00 12016       2       org.eclipse.sisu.inject.MildElements$Weak::<init> (12 bytes)
Event: 55.902 Thread 0x000001572829bb00 nmethod 12016 0x000001572cbe9f10 code [0x000001572cbea0a0, 0x000001572cbea1e8]
Event: 55.907 Thread 0x000001572829bb00 12017       2       com.google.inject.Key::get (13 bytes)
Event: 55.908 Thread 0x000001572829bb00 nmethod 12017 0x000001572cbea290 code [0x000001572cbea460, 0x000001572cbea6a0]
Event: 55.917 Thread 0x000001572829bb00 12018       2       org.eclipse.sisu.plexus.DefaultPlexusBeanLocator::locate (95 bytes)
Event: 55.919 Thread 0x000001572829bb00 nmethod 12018 0x000001572cbea810 code [0x000001572cbeaa80, 0x000001572cbeb288]
Event: 55.919 Thread 0x000001572829bb00 12019       2       org.eclipse.sisu.plexus.RealmFilteredBeans::<init> (15 bytes)
Event: 55.919 Thread 0x000001572829bb00 nmethod 12019 0x000001572cbeb790 code [0x000001572cbeb920, 0x000001572cbeba50]
Event: 55.919 Thread 0x000001572829bb00 12020       2       org.eclipse.sisu.plexus.DefaultPlexusBeans::<init> (10 bytes)
Event: 55.919 Thread 0x000001572829bb00 nmethod 12020 0x000001572cbebb10 code [0x000001572cbebca0, 0x000001572cbebdc0]
Event: 55.920 Thread 0x000001572829bb00 12021       1       org.apache.maven.artifact.DefaultArtifact::getArtifactHandler (5 bytes)
Event: 55.921 Thread 0x000001572829bb00 nmethod 12021 0x0000015733637890 code [0x0000015733637a20, 0x0000015733637ae8]
Event: 55.929 Thread 0x000001572829bb00 12022       2       java.lang.invoke.DirectMethodHandle$Holder::invokeStatic (15 bytes)
Event: 55.929 Thread 0x000001572829bb00 nmethod 12022 0x000001572cbebe90 code [0x000001572cbec040, 0x000001572cbec1a8]

GC Heap History (20 events):
Event: 55.712 GC heap before
{Heap before GC invocations=859 (full 3):
 PSYoungGen      total 2560K, used 2304K [0x00000000d5580000, 0x00000000d5900000, 0x0000000100000000)
  eden space 2048K, 100% used [0x00000000d5580000,0x00000000d5780000,0x00000000d5780000)
  from space 512K, 50% used [0x00000000d5780000,0x00000000d57c0000,0x00000000d5800000)
  to   space 512K, 0% used [0x00000000d5880000,0x00000000d5880000,0x00000000d5900000)
 ParOldGen       total 382464K, used 364967K [0x0000000080000000, 0x0000000097580000, 0x00000000d5580000)
  object space 382464K, 95% used [0x0000000080000000,0x0000000096469f88,0x0000000097580000)
 Metaspace       used 68762K, committed 70272K, reserved 1114112K
  class space    used 7388K, committed 8064K, reserved 1048576K
}
Event: 55.714 GC heap after
{Heap after GC invocations=859 (full 3):
 PSYoungGen      total 2560K, used 288K [0x00000000d5580000, 0x00000000d5900000, 0x0000000100000000)
  eden space 2048K, 0% used [0x00000000d5580000,0x00000000d5580000,0x00000000d5780000)
  from space 512K, 56% used [0x00000000d5880000,0x00000000d58c8000,0x00000000d5900000)
  to   space 512K, 0% used [0x00000000d5780000,0x00000000d5780000,0x00000000d5800000)
 ParOldGen       total 382464K, used 365151K [0x0000000080000000, 0x0000000097580000, 0x00000000d5580000)
  object space 382464K, 95% used [0x0000000080000000,0x0000000096497f88,0x0000000097580000)
 Metaspace       used 68762K, committed 70272K, reserved 1114112K
  class space    used 7388K, committed 8064K, reserved 1048576K
}
Event: 55.726 GC heap before
{Heap before GC invocations=860 (full 3):
 PSYoungGen      total 2560K, used 2333K [0x00000000d5580000, 0x00000000d5900000, 0x0000000100000000)
  eden space 2048K, 99% used [0x00000000d5580000,0x00000000d577f498,0x00000000d5780000)
  from space 512K, 56% used [0x00000000d5880000,0x00000000d58c8000,0x00000000d5900000)
  to   space 512K, 0% used [0x00000000d5780000,0x00000000d5780000,0x00000000d5800000)
 ParOldGen       total 382464K, used 365151K [0x0000000080000000, 0x0000000097580000, 0x00000000d5580000)
  object space 382464K, 95% used [0x0000000080000000,0x0000000096497f88,0x0000000097580000)
 Metaspace       used 68762K, committed 70272K, reserved 1114112K
  class space    used 7388K, committed 8064K, reserved 1048576K
}
Event: 55.729 GC heap after
{Heap after GC invocations=860 (full 3):
 PSYoungGen      total 2560K, used 496K [0x00000000d5580000, 0x00000000d5980000, 0x0000000100000000)
  eden space 2048K, 0% used [0x00000000d5580000,0x00000000d5580000,0x00000000d5780000)
  from space 512K, 96% used [0x00000000d5780000,0x00000000d57fc260,0x00000000d5800000)
  to   space 1024K, 0% used [0x00000000d5880000,0x00000000d5880000,0x00000000d5980000)
 ParOldGen       total 382464K, used 365295K [0x0000000080000000, 0x0000000097580000, 0x00000000d5580000)
  object space 382464K, 95% used [0x0000000080000000,0x00000000964bbf88,0x0000000097580000)
 Metaspace       used 68762K, committed 70272K, reserved 1114112K
  class space    used 7388K, committed 8064K, reserved 1048576K
}
Event: 55.759 GC heap before
{Heap before GC invocations=861 (full 3):
 PSYoungGen      total 2560K, used 2530K [0x00000000d5580000, 0x00000000d5980000, 0x0000000100000000)
  eden space 2048K, 99% used [0x00000000d5580000,0x00000000d577c600,0x00000000d5780000)
  from space 512K, 96% used [0x00000000d5780000,0x00000000d57fc260,0x00000000d5800000)
  to   space 1024K, 0% used [0x00000000d5880000,0x00000000d5880000,0x00000000d5980000)
 ParOldGen       total 382464K, used 365422K [0x0000000080000000, 0x0000000097580000, 0x00000000d5580000)
  object space 382464K, 95% used [0x0000000080000000,0x00000000964dbae0,0x0000000097580000)
 Metaspace       used 68762K, committed 70272K, reserved 1114112K
  class space    used 7388K, committed 8064K, reserved 1048576K
}
Event: 55.761 GC heap after
{Heap after GC invocations=861 (full 3):
 PSYoungGen      total 2560K, used 320K [0x00000000d5580000, 0x00000000d5900000, 0x0000000100000000)
  eden space 2048K, 0% used [0x00000000d5580000,0x00000000d5580000,0x00000000d5780000)
  from space 512K, 62% used [0x00000000d5880000,0x00000000d58d0000,0x00000000d5900000)
  to   space 512K, 0% used [0x00000000d5780000,0x00000000d5780000,0x00000000d5800000)
 ParOldGen       total 382464K, used 365676K [0x0000000080000000, 0x0000000097580000, 0x00000000d5580000)
  object space 382464K, 95% used [0x0000000080000000,0x000000009651b0f0,0x0000000097580000)
 Metaspace       used 68762K, committed 70272K, reserved 1114112K
  class space    used 7388K, committed 8064K, reserved 1048576K
}
Event: 55.773 GC heap before
{Heap before GC invocations=862 (full 3):
 PSYoungGen      total 2560K, used 2368K [0x00000000d5580000, 0x00000000d5900000, 0x0000000100000000)
  eden space 2048K, 100% used [0x00000000d5580000,0x00000000d5780000,0x00000000d5780000)
  from space 512K, 62% used [0x00000000d5880000,0x00000000d58d0000,0x00000000d5900000)
  to   space 512K, 0% used [0x00000000d5780000,0x00000000d5780000,0x00000000d5800000)
 ParOldGen       total 382464K, used 365703K [0x0000000080000000, 0x0000000097580000, 0x00000000d5580000)
  object space 382464K, 95% used [0x0000000080000000,0x0000000096521d50,0x0000000097580000)
 Metaspace       used 68762K, committed 70272K, reserved 1114112K
  class space    used 7388K, committed 8064K, reserved 1048576K
}
Event: 55.775 GC heap after
{Heap after GC invocations=862 (full 3):
 PSYoungGen      total 2560K, used 401K [0x00000000d5580000, 0x00000000d5900000, 0x0000000100000000)
  eden space 2048K, 0% used [0x00000000d5580000,0x00000000d5580000,0x00000000d5780000)
  from space 512K, 78% used [0x00000000d5780000,0x00000000d57e4518,0x00000000d5800000)
  to   space 512K, 0% used [0x00000000d5880000,0x00000000d5880000,0x00000000d5900000)
 ParOldGen       total 382464K, used 365871K [0x0000000080000000, 0x0000000097580000, 0x00000000d5580000)
  object space 382464K, 95% used [0x0000000080000000,0x000000009654bd50,0x0000000097580000)
 Metaspace       used 68762K, committed 70272K, reserved 1114112K
  class space    used 7388K, committed 8064K, reserved 1048576K
}
Event: 55.783 GC heap before
{Heap before GC invocations=863 (full 3):
 PSYoungGen      total 2560K, used 2447K [0x00000000d5580000, 0x00000000d5900000, 0x0000000100000000)
  eden space 2048K, 99% used [0x00000000d5580000,0x00000000d577f9a8,0x00000000d5780000)
  from space 512K, 78% used [0x00000000d5780000,0x00000000d57e4518,0x00000000d5800000)
  to   space 512K, 0% used [0x00000000d5880000,0x00000000d5880000,0x00000000d5900000)
 ParOldGen       total 382464K, used 365871K [0x0000000080000000, 0x0000000097580000, 0x00000000d5580000)
  object space 382464K, 95% used [0x0000000080000000,0x000000009654bd50,0x0000000097580000)
 Metaspace       used 68762K, committed 70272K, reserved 1114112K
  class space    used 7388K, committed 8064K, reserved 1048576K
}
Event: 55.785 GC heap after
{Heap after GC invocations=863 (full 3):
 PSYoungGen      total 2560K, used 320K [0x00000000d5580000, 0x00000000d5900000, 0x0000000100000000)
  eden space 2048K, 0% used [0x00000000d5580000,0x00000000d5580000,0x00000000d5780000)
  from space 512K, 62% used [0x00000000d5880000,0x00000000d58d0000,0x00000000d5900000)
  to   space 512K, 0% used [0x00000000d5780000,0x00000000d5780000,0x00000000d5800000)
 ParOldGen       total 382464K, used 366103K [0x0000000080000000, 0x0000000097580000, 0x00000000d5580000)
  object space 382464K, 95% used [0x0000000080000000,0x0000000096585d50,0x0000000097580000)
 Metaspace       used 68762K, committed 70272K, reserved 1114112K
  class space    used 7388K, committed 8064K, reserved 1048576K
}
Event: 55.802 GC heap before
{Heap before GC invocations=864 (full 3):
 PSYoungGen      total 2560K, used 2365K [0x00000000d5580000, 0x00000000d5900000, 0x0000000100000000)
  eden space 2048K, 99% used [0x00000000d5580000,0x00000000d577f6e0,0x00000000d5780000)
  from space 512K, 62% used [0x00000000d5880000,0x00000000d58d0000,0x00000000d5900000)
  to   space 512K, 0% used [0x00000000d5780000,0x00000000d5780000,0x00000000d5800000)
 ParOldGen       total 382464K, used 366103K [0x0000000080000000, 0x0000000097580000, 0x00000000d5580000)
  object space 382464K, 95% used [0x0000000080000000,0x0000000096585d50,0x0000000097580000)
 Metaspace       used 68768K, committed 70272K, reserved 1114112K
  class space    used 7390K, committed 8064K, reserved 1048576K
}
Event: 55.804 GC heap after
{Heap after GC invocations=864 (full 3):
 PSYoungGen      total 2560K, used 352K [0x00000000d5580000, 0x00000000d5900000, 0x0000000100000000)
  eden space 2048K, 0% used [0x00000000d5580000,0x00000000d5580000,0x00000000d5780000)
  from space 512K, 68% used [0x00000000d5780000,0x00000000d57d8000,0x00000000d5800000)
  to   space 512K, 0% used [0x00000000d5880000,0x00000000d5880000,0x00000000d5900000)
 ParOldGen       total 382464K, used 366311K [0x0000000080000000, 0x0000000097580000, 0x00000000d5580000)
  object space 382464K, 95% used [0x0000000080000000,0x00000000965b9d50,0x0000000097580000)
 Metaspace       used 68768K, committed 70272K, reserved 1114112K
  class space    used 7390K, committed 8064K, reserved 1048576K
}
Event: 55.824 GC heap before
{Heap before GC invocations=865 (full 3):
 PSYoungGen      total 2560K, used 2392K [0x00000000d5580000, 0x00000000d5900000, 0x0000000100000000)
  eden space 2048K, 99% used [0x00000000d5580000,0x00000000d577e100,0x00000000d5780000)
  from space 512K, 68% used [0x00000000d5780000,0x00000000d57d8000,0x00000000d5800000)
  to   space 512K, 0% used [0x00000000d5880000,0x00000000d5880000,0x00000000d5900000)
 ParOldGen       total 382464K, used 366311K [0x0000000080000000, 0x0000000097580000, 0x00000000d5580000)
  object space 382464K, 95% used [0x0000000080000000,0x00000000965b9d50,0x0000000097580000)
 Metaspace       used 68778K, committed 70336K, reserved 1114112K
  class space    used 7391K, committed 8064K, reserved 1048576K
}
Event: 55.826 GC heap after
{Heap after GC invocations=865 (full 3):
 PSYoungGen      total 2560K, used 288K [0x00000000d5580000, 0x00000000d5900000, 0x0000000100000000)
  eden space 2048K, 0% used [0x00000000d5580000,0x00000000d5580000,0x00000000d5780000)
  from space 512K, 56% used [0x00000000d5880000,0x00000000d58c8000,0x00000000d5900000)
  to   space 512K, 0% used [0x00000000d5780000,0x00000000d5780000,0x00000000d5800000)
 ParOldGen       total 382464K, used 366519K [0x0000000080000000, 0x0000000097580000, 0x00000000d5580000)
  object space 382464K, 95% used [0x0000000080000000,0x00000000965edd50,0x0000000097580000)
 Metaspace       used 68778K, committed 70336K, reserved 1114112K
  class space    used 7391K, committed 8064K, reserved 1048576K
}
Event: 55.843 GC heap before
{Heap before GC invocations=866 (full 3):
 PSYoungGen      total 2560K, used 2336K [0x00000000d5580000, 0x00000000d5900000, 0x0000000100000000)
  eden space 2048K, 100% used [0x00000000d5580000,0x00000000d5780000,0x00000000d5780000)
  from space 512K, 56% used [0x00000000d5880000,0x00000000d58c8000,0x00000000d5900000)
  to   space 512K, 0% used [0x00000000d5780000,0x00000000d5780000,0x00000000d5800000)
 ParOldGen       total 382464K, used 366519K [0x0000000080000000, 0x0000000097580000, 0x00000000d5580000)
  object space 382464K, 95% used [0x0000000080000000,0x00000000965edd50,0x0000000097580000)
 Metaspace       used 68807K, committed 70336K, reserved 1114112K
  class space    used 7398K, committed 8064K, reserved 1048576K
}
Event: 55.845 GC heap after
{Heap after GC invocations=866 (full 3):
 PSYoungGen      total 2560K, used 502K [0x00000000d5580000, 0x00000000d5980000, 0x0000000100000000)
  eden space 2048K, 0% used [0x00000000d5580000,0x00000000d5580000,0x00000000d5780000)
  from space 512K, 98% used [0x00000000d5780000,0x00000000d57fd9f0,0x00000000d5800000)
  to   space 1024K, 0% used [0x00000000d5880000,0x00000000d5880000,0x00000000d5980000)
 ParOldGen       total 382464K, used 366759K [0x0000000080000000, 0x0000000097580000, 0x00000000d5580000)
  object space 382464K, 95% used [0x0000000080000000,0x0000000096629d50,0x0000000097580000)
 Metaspace       used 68807K, committed 70336K, reserved 1114112K
  class space    used 7398K, committed 8064K, reserved 1048576K
}
Event: 55.861 GC heap before
{Heap before GC invocations=867 (full 3):
 PSYoungGen      total 2560K, used 2524K [0x00000000d5580000, 0x00000000d5980000, 0x0000000100000000)
  eden space 2048K, 98% used [0x00000000d5580000,0x00000000d5779918,0x00000000d5780000)
  from space 512K, 98% used [0x00000000d5780000,0x00000000d57fd9f0,0x00000000d5800000)
  to   space 1024K, 0% used [0x00000000d5880000,0x00000000d5880000,0x00000000d5980000)
 ParOldGen       total 382464K, used 366759K [0x0000000080000000, 0x0000000097580000, 0x00000000d5580000)
  object space 382464K, 95% used [0x0000000080000000,0x0000000096629d50,0x0000000097580000)
 Metaspace       used 68897K, committed 70400K, reserved 1114112K
  class space    used 7403K, committed 8064K, reserved 1048576K
}
Event: 55.863 GC heap after
{Heap after GC invocations=867 (full 3):
 PSYoungGen      total 2560K, used 480K [0x00000000d5580000, 0x00000000d5900000, 0x0000000100000000)
  eden space 2048K, 0% used [0x00000000d5580000,0x00000000d5580000,0x00000000d5780000)
  from space 512K, 93% used [0x00000000d5880000,0x00000000d58f8098,0x00000000d5900000)
  to   space 512K, 0% used [0x00000000d5780000,0x00000000d5780000,0x00000000d5800000)
 ParOldGen       total 382464K, used 367023K [0x0000000080000000, 0x0000000097580000, 0x00000000d5580000)
  object space 382464K, 95% used [0x0000000080000000,0x000000009666bd50,0x0000000097580000)
 Metaspace       used 68897K, committed 70400K, reserved 1114112K
  class space    used 7403K, committed 8064K, reserved 1048576K
}
Event: 55.887 GC heap before
{Heap before GC invocations=868 (full 3):
 PSYoungGen      total 2560K, used 2486K [0x00000000d5580000, 0x00000000d5900000, 0x0000000100000000)
  eden space 2048K, 97% used [0x00000000d5580000,0x00000000d5775ad8,0x00000000d5780000)
  from space 512K, 93% used [0x00000000d5880000,0x00000000d58f8098,0x00000000d5900000)
  to   space 512K, 0% used [0x00000000d5780000,0x00000000d5780000,0x00000000d5800000)
 ParOldGen       total 382464K, used 367023K [0x0000000080000000, 0x0000000097580000, 0x00000000d5580000)
  object space 382464K, 95% used [0x0000000080000000,0x000000009666bd50,0x0000000097580000)
 Metaspace       used 69016K, committed 70592K, reserved 1114112K
  class space    used 7415K, committed 8128K, reserved 1048576K
}
Event: 55.891 GC heap after
{Heap after GC invocations=868 (full 3):
 PSYoungGen      total 2560K, used 493K [0x00000000d5580000, 0x00000000d5a80000, 0x0000000100000000)
  eden space 2048K, 0% used [0x00000000d5580000,0x00000000d5580000,0x00000000d5780000)
  from space 512K, 96% used [0x00000000d5780000,0x00000000d57fb400,0x00000000d5800000)
  to   space 1536K, 0% used [0x00000000d5900000,0x00000000d5900000,0x00000000d5a80000)
 ParOldGen       total 382464K, used 367640K [0x0000000080000000, 0x0000000097580000, 0x00000000d5580000)
  object space 382464K, 96% used [0x0000000080000000,0x0000000096706178,0x0000000097580000)
 Metaspace       used 69016K, committed 70592K, reserved 1114112K
  class space    used 7415K, committed 8128K, reserved 1048576K
}

Dll operation events (12 events):
Event: 0.026 Loaded shared library c:\Users\DELL\.vscode\extensions\redhat.java-1.44.0-win32-x64\jre\21.0.8-win32-x86_64\bin\java.dll
Event: 0.194 Loaded shared library c:\Users\DELL\.vscode\extensions\redhat.java-1.44.0-win32-x64\jre\21.0.8-win32-x86_64\bin\zip.dll
Event: 0.278 Loaded shared library C:\Users\DELL\.vscode\extensions\redhat.java-1.44.0-win32-x64\jre\21.0.8-win32-x86_64\bin\instrument.dll
Event: 0.288 Loaded shared library C:\Users\DELL\.vscode\extensions\redhat.java-1.44.0-win32-x64\jre\21.0.8-win32-x86_64\bin\net.dll
Event: 0.292 Loaded shared library C:\Users\DELL\.vscode\extensions\redhat.java-1.44.0-win32-x64\jre\21.0.8-win32-x86_64\bin\nio.dll
Event: 0.299 Loaded shared library C:\Users\DELL\.vscode\extensions\redhat.java-1.44.0-win32-x64\jre\21.0.8-win32-x86_64\bin\zip.dll
Event: 0.400 Loaded shared library C:\Users\DELL\.vscode\extensions\redhat.java-1.44.0-win32-x64\jre\21.0.8-win32-x86_64\bin\jimage.dll
Event: 0.729 Loaded shared library c:\Users\DELL\.vscode\extensions\redhat.java-1.44.0-win32-x64\jre\21.0.8-win32-x86_64\bin\verify.dll
Event: 10.415 Loaded shared library C:\Users\DELL\AppData\Roaming\Code\User\globalStorage\redhat.java\1.44.0\config_win\org.eclipse.equinox.launcher\org.eclipse.equinox.launcher.win32.win32.x86_64_1.2.1400.v20250730-1736\eclipse_11913.dll
Event: 26.438 Loaded shared library C:\Users\DELL\AppData\Local\Temp\jna-2094529\jna14895543415581825016.dll
Event: 29.032 Loaded shared library C:\Users\DELL\.vscode\extensions\redhat.java-1.44.0-win32-x64\jre\21.0.8-win32-x86_64\bin\sunmscapi.dll
Event: 29.713 Loaded shared library C:\Users\DELL\.vscode\extensions\redhat.java-1.44.0-win32-x64\jre\21.0.8-win32-x86_64\bin\extnet.dll

Deoptimization events (20 events):
Event: 55.684 Thread 0x0000015786480d90 DEOPT PACKING pc=0x000001572c40efe7 sp=0x0000001ed3bfd890
Event: 55.684 Thread 0x0000015786480d90 DEOPT UNPACKING pc=0x0000015732a94242 sp=0x0000001ed3bfce00 mode 0
Event: 55.739 Thread 0x0000015786480d90 DEOPT PACKING pc=0x000001572c40efe7 sp=0x0000001ed3bfd890
Event: 55.739 Thread 0x0000015786480d90 DEOPT UNPACKING pc=0x0000015732a94242 sp=0x0000001ed3bfce00 mode 0
Event: 55.807 Thread 0x0000015786480d90 Uncommon trap: trap_request=0xffffffd6 fr.pc=0x000001573361576c relative=0x00000000000000cc
Event: 55.807 Thread 0x0000015786480d90 Uncommon trap: reason=array_check action=maybe_recompile pc=0x000001573361576c method=java.util.stream.Nodes$FixedNodeBuilder.accept(Ljava/lang/Object;)V @ 28 c2
Event: 55.807 Thread 0x0000015786480d90 DEOPT PACKING pc=0x000001573361576c sp=0x0000001ed3bfb860
Event: 55.807 Thread 0x0000015786480d90 DEOPT UNPACKING pc=0x0000015732a93aa2 sp=0x0000001ed3bfb7e0 mode 2
Event: 55.807 Thread 0x0000015786480d90 Uncommon trap: trap_request=0xffffffd6 fr.pc=0x000001573361576c relative=0x00000000000000cc
Event: 55.807 Thread 0x0000015786480d90 Uncommon trap: reason=array_check action=maybe_recompile pc=0x000001573361576c method=java.util.stream.Nodes$FixedNodeBuilder.accept(Ljava/lang/Object;)V @ 28 c2
Event: 55.807 Thread 0x0000015786480d90 DEOPT PACKING pc=0x000001573361576c sp=0x0000001ed3bfb860
Event: 55.807 Thread 0x0000015786480d90 DEOPT UNPACKING pc=0x0000015732a93aa2 sp=0x0000001ed3bfb7e0 mode 2
Event: 55.819 Thread 0x0000015786481ab0 Uncommon trap: trap_request=0xffffff45 fr.pc=0x0000015733509fac relative=0x00000000000011cc
Event: 55.819 Thread 0x0000015786481ab0 Uncommon trap: reason=unstable_if action=reinterpret pc=0x0000015733509fac method=org.eclipse.jdt.internal.compiler.classfmt.AnnotationInfo.getElementValuePairs()[Lorg/eclipse/jdt/internal/compiler/env/IBinaryElementValuePair; @ 4 c2
Event: 55.819 Thread 0x0000015786481ab0 DEOPT PACKING pc=0x0000015733509fac sp=0x0000001ed3aff060
Event: 55.819 Thread 0x0000015786481ab0 DEOPT UNPACKING pc=0x0000015732a93aa2 sp=0x0000001ed3afefe0 mode 2
Event: 55.852 Thread 0x0000015786480d90 DEOPT PACKING pc=0x000001572baddcb9 sp=0x0000001ed3bfde60
Event: 55.852 Thread 0x0000015786480d90 DEOPT UNPACKING pc=0x0000015732a94242 sp=0x0000001ed3bfd360 mode 0
Event: 55.855 Thread 0x0000015786481ab0 DEOPT PACKING pc=0x000001572c405d7e sp=0x0000001ed3aff070
Event: 55.855 Thread 0x0000015786481ab0 DEOPT UNPACKING pc=0x0000015732a94242 sp=0x0000001ed3afe550 mode 0

Classes loaded (20 events):
Event: 55.176 Loading class java/util/concurrent/CompletableFuture$Signaller
Event: 55.177 Loading class java/util/concurrent/CompletableFuture$Signaller done
Event: 55.340 Loading class java/nio/charset/CharacterCodingException
Event: 55.340 Loading class java/nio/charset/CharacterCodingException done
Event: 55.341 Loading class java/io/SequenceInputStream
Event: 55.341 Loading class java/io/SequenceInputStream done
Event: 55.440 Loading class java/util/concurrent/CompletableFuture$UniApply
Event: 55.440 Loading class java/util/concurrent/CompletableFuture$UniCompletion
Event: 55.441 Loading class java/util/concurrent/CompletableFuture$UniCompletion done
Event: 55.441 Loading class java/util/concurrent/CompletableFuture$UniApply done
Event: 55.442 Loading class java/util/concurrent/CompletableFuture$UniAccept
Event: 55.442 Loading class java/util/concurrent/CompletableFuture$UniAccept done
Event: 55.442 Loading class java/util/concurrent/CompletableFuture$UniExceptionally
Event: 55.442 Loading class java/util/concurrent/CompletableFuture$UniExceptionally done
Event: 55.513 Loading class java/util/Hashtable$KeySet
Event: 55.513 Loading class java/util/Hashtable$KeySet done
Event: 55.859 Loading class java/lang/invoke/MethodHandleImpl$CountingWrapper$1
Event: 55.859 Loading class java/lang/invoke/MethodHandleImpl$CountingWrapper$1 done
Event: 55.923 Loading class java/lang/UnsupportedClassVersionError
Event: 55.924 Loading class java/lang/UnsupportedClassVersionError done

Classes unloaded (7 events):
Event: 27.548 Thread 0x00000157283de7b0 Unloading class 0x00000157401ac800 'java/lang/invoke/LambdaForm$MH+0x00000157401ac800'
Event: 27.548 Thread 0x00000157283de7b0 Unloading class 0x00000157401ac400 'java/lang/invoke/LambdaForm$MH+0x00000157401ac400'
Event: 27.548 Thread 0x00000157283de7b0 Unloading class 0x00000157401ac000 'java/lang/invoke/LambdaForm$MH+0x00000157401ac000'
Event: 27.548 Thread 0x00000157283de7b0 Unloading class 0x00000157401abc00 'java/lang/invoke/LambdaForm$MH+0x00000157401abc00'
Event: 27.548 Thread 0x00000157283de7b0 Unloading class 0x00000157401ab800 'java/lang/invoke/LambdaForm$BMH+0x00000157401ab800'
Event: 27.548 Thread 0x00000157283de7b0 Unloading class 0x00000157401ab400 'java/lang/invoke/LambdaForm$DMH+0x00000157401ab400'
Event: 27.548 Thread 0x00000157283de7b0 Unloading class 0x00000157401aa000 'java/lang/invoke/LambdaForm$DMH+0x00000157401aa000'

Classes redefined (0 events):
No events

Internal exceptions (20 events):
Event: 55.424 Thread 0x00000157874fd6f0 Exception <a 'sun/nio/fs/WindowsException'{0x00000000d55e0170}> (0x00000000d55e0170) 
thrown [s\src\hotspot\share\prims\jni.cpp, line 520]
Event: 55.424 Thread 0x00000157874fd6f0 Exception <a 'sun/nio/fs/WindowsException'{0x00000000d55e0f20}> (0x00000000d55e0f20) 
thrown [s\src\hotspot\share\prims\jni.cpp, line 520]
Event: 55.425 Thread 0x00000157874fd6f0 Exception <a 'sun/nio/fs/WindowsException'{0x00000000d5604a08}> (0x00000000d5604a08) 
thrown [s\src\hotspot\share\prims\jni.cpp, line 520]
Event: 55.425 Thread 0x00000157874fd6f0 Exception <a 'sun/nio/fs/WindowsException'{0x00000000d5605868}> (0x00000000d5605868) 
thrown [s\src\hotspot\share\prims\jni.cpp, line 520]
Event: 55.425 Thread 0x00000157874fd6f0 Exception <a 'sun/nio/fs/WindowsException'{0x00000000d5619de8}> (0x00000000d5619de8) 
thrown [s\src\hotspot\share\prims\jni.cpp, line 520]
Event: 55.432 Thread 0x00000157874fd6f0 Exception <a 'java/lang/IncompatibleClassChangeError'{0x00000000d5764ed8}: Found class java.lang.Object, but interface was expected> (0x00000000d5764ed8) 
thrown [s\src\hotspot\share\interpreter\linkResolver.cpp, line 840]
Event: 55.446 Thread 0x00000157874fd6f0 Implicit null exception at 0x0000015733189f89 to 0x000001573318a09c
Event: 55.446 Thread 0x00000157874fd6f0 Exception <a 'java/lang/IncompatibleClassChangeError'{0x00000000d55eebe0}: Found class java.lang.Object, but interface was expected> (0x00000000d55eebe0) 
thrown [s\src\hotspot\share\interpreter\linkResolver.cpp, line 840]
Event: 55.541 Thread 0x0000015786480d90 Exception <a 'sun/nio/fs/WindowsException'{0x00000000d56db5f8}> (0x00000000d56db5f8) 
thrown [s\src\hotspot\share\prims\jni.cpp, line 520]
Event: 55.541 Thread 0x0000015786480d90 Exception <a 'sun/nio/fs/WindowsException'{0x00000000d56dbd10}> (0x00000000d56dbd10) 
thrown [s\src\hotspot\share\prims\jni.cpp, line 520]
Event: 55.542 Thread 0x0000015786480d90 Exception <a 'sun/nio/fs/WindowsException'{0x00000000d56dcc88}> (0x00000000d56dcc88) 
thrown [s\src\hotspot\share\prims\jni.cpp, line 520]
Event: 55.542 Thread 0x0000015786480d90 Exception <a 'sun/nio/fs/WindowsException'{0x00000000d56dd640}> (0x00000000d56dd640) 
thrown [s\src\hotspot\share\prims\jni.cpp, line 520]
Event: 55.547 Thread 0x0000015786480d90 Exception <a 'java/io/FileNotFoundException'{0x00000000d56f5200}> (0x00000000d56f5200) 
thrown [s\src\hotspot\share\prims\jni.cpp, line 520]
Event: 55.547 Thread 0x0000015786480d90 Exception <a 'java/io/FileNotFoundException'{0x00000000d56f5f70}> (0x00000000d56f5f70) 
thrown [s\src\hotspot\share\prims\jni.cpp, line 520]
Event: 55.557 Thread 0x0000015786480d90 Exception <a 'sun/nio/fs/WindowsException'{0x00000000d5734100}> (0x00000000d5734100) 
thrown [s\src\hotspot\share\prims\jni.cpp, line 520]
Event: 55.557 Thread 0x0000015786480d90 Exception <a 'sun/nio/fs/WindowsException'{0x00000000d5734818}> (0x00000000d5734818) 
thrown [s\src\hotspot\share\prims\jni.cpp, line 520]
Event: 55.575 Thread 0x00000157874fd6f0 Exception <a 'java/lang/IncompatibleClassChangeError'{0x00000000d5620be8}: Found class java.lang.Object, but interface was expected> (0x00000000d5620be8) 
thrown [s\src\hotspot\share\interpreter\linkResolver.cpp, line 840]
Event: 55.626 Thread 0x0000015786480d90 Exception <a 'sun/nio/fs/WindowsException'{0x00000000d5761fd8}> (0x00000000d5761fd8) 
thrown [s\src\hotspot\share\prims\jni.cpp, line 520]
Event: 55.626 Thread 0x0000015786480d90 Exception <a 'sun/nio/fs/WindowsException'{0x00000000d57629a0}> (0x00000000d57629a0) 
thrown [s\src\hotspot\share\prims\jni.cpp, line 520]
Event: 55.842 Thread 0x00000157874fe410 Exception <a 'java/lang/NoSuchMethodError'{0x00000000d575bc08}: 'java.lang.Object java.lang.invoke.DirectMethodHandle$Holder.invokeSpecial(java.lang.Object, java.lang.Object, int, long)'> (0x00000000d575bc08) 
thrown [s\src\hotspot\share\interpreter\linkResolver.cpp, line 773]

ZGC Phase Switch (0 events):
No events

VM Operations (20 events):
Event: 55.729 Executing VM operation: ParallelGCFailedAllocation (Allocation Failure) done
Event: 55.757 Executing VM operation: ParallelGCFailedAllocation (Allocation Failure)
Event: 55.757 Executing VM operation: ParallelGCFailedAllocation (Allocation Failure) done
Event: 55.759 Executing VM operation: ParallelGCSystemGC (GCLocker Initiated GC)
Event: 55.761 Executing VM operation: ParallelGCSystemGC (GCLocker Initiated GC) done
Event: 55.773 Executing VM operation: ParallelGCFailedAllocation (Allocation Failure)
Event: 55.775 Executing VM operation: ParallelGCFailedAllocation (Allocation Failure) done
Event: 55.783 Executing VM operation: ParallelGCFailedAllocation (Allocation Failure)
Event: 55.785 Executing VM operation: ParallelGCFailedAllocation (Allocation Failure) done
Event: 55.801 Executing VM operation: ParallelGCFailedAllocation (Allocation Failure)
Event: 55.805 Executing VM operation: ParallelGCFailedAllocation (Allocation Failure) done
Event: 55.823 Executing VM operation: ParallelGCFailedAllocation (Allocation Failure)
Event: 55.826 Executing VM operation: ParallelGCFailedAllocation (Allocation Failure) done
Event: 55.843 Executing VM operation: ParallelGCFailedAllocation (Allocation Failure)
Event: 55.845 Executing VM operation: ParallelGCFailedAllocation (Allocation Failure) done
Event: 55.861 Executing VM operation: ParallelGCFailedAllocation (Allocation Failure)
Event: 55.863 Executing VM operation: ParallelGCFailedAllocation (Allocation Failure) done
Event: 55.887 Executing VM operation: ParallelGCFailedAllocation (Allocation Failure)
Event: 55.891 Executing VM operation: ParallelGCFailedAllocation (Allocation Failure) done
Event: 55.940 Executing VM operation: HandshakeAllThreads (Deoptimize)

Memory protections (0 events):
No events

Nmethod flushes (20 events):
Event: 43.503 Thread 0x00000157283de7b0 flushing  nmethod 0x000001572bd3b690
Event: 43.503 Thread 0x00000157283de7b0 flushing  nmethod 0x000001572bd6be90
Event: 43.503 Thread 0x00000157283de7b0 flushing osr nmethod 0x000001572bdb0c10
Event: 43.503 Thread 0x00000157283de7b0 flushing  nmethod 0x000001572bdb8d90
Event: 43.503 Thread 0x00000157283de7b0 flushing  nmethod 0x000001572bdd3390
Event: 43.503 Thread 0x00000157283de7b0 flushing  nmethod 0x000001572bdd4d90
Event: 43.503 Thread 0x00000157283de7b0 flushing  nmethod 0x000001572bddfc10
Event: 43.503 Thread 0x00000157283de7b0 flushing  nmethod 0x000001572bde4510
Event: 43.503 Thread 0x00000157283de7b0 flushing  nmethod 0x000001572bde8290
Event: 43.503 Thread 0x00000157283de7b0 flushing  nmethod 0x000001572bdfc110
Event: 43.503 Thread 0x00000157283de7b0 flushing  nmethod 0x000001572bdfd990
Event: 43.503 Thread 0x00000157283de7b0 flushing  nmethod 0x000001572bdfdf90
Event: 43.504 Thread 0x00000157283de7b0 flushing  nmethod 0x000001572bdff390
Event: 43.504 Thread 0x00000157283de7b0 flushing  nmethod 0x000001572be00790
Event: 43.504 Thread 0x00000157283de7b0 flushing  nmethod 0x000001572be07e10
Event: 43.504 Thread 0x00000157283de7b0 flushing  nmethod 0x000001572be12110
Event: 43.504 Thread 0x00000157283de7b0 flushing  nmethod 0x000001572be18e90
Event: 43.504 Thread 0x00000157283de7b0 flushing  nmethod 0x000001572be32c10
Event: 43.504 Thread 0x00000157283de7b0 flushing  nmethod 0x000001572be3bc10
Event: 43.504 Thread 0x00000157283de7b0 flushing  nmethod 0x000001572be57090

Events (20 events):
Event: 50.377 Thread 0x00000157864834f0 Thread added: 0x00000157881420c0
Event: 50.378 Thread 0x00000157864834f0 Thread added: 0x000001578813e5b0
Event: 52.464 Thread 0x000001578813e5b0 Thread exited: 0x000001578813e5b0
Event: 52.465 Thread 0x000001578813d200 Thread exited: 0x000001578813d200
Event: 52.465 Thread 0x000001578813fff0 Thread exited: 0x000001578813fff0
Event: 52.465 Thread 0x00000157881420c0 Thread exited: 0x00000157881420c0
Event: 52.465 Thread 0x000001578813ec40 Thread exited: 0x000001578813ec40
Event: 53.745 Thread 0x00000157864834f0 Thread added: 0x0000015789b30ed0
Event: 53.746 Thread 0x00000157864834f0 Thread added: 0x0000015789b2f490
Event: 53.746 Thread 0x00000157864834f0 Thread added: 0x0000015789b32280
Event: 53.746 Thread 0x00000157864834f0 Thread added: 0x0000015789b35700
Event: 53.746 Thread 0x00000157864834f0 Thread added: 0x0000015789b33cc0
Event: 54.007 Thread 0x0000015789b2f490 Thread exited: 0x0000015789b2f490
Event: 54.007 Thread 0x0000015789b32280 Thread exited: 0x0000015789b32280
Event: 54.008 Thread 0x0000015789b30ed0 Thread exited: 0x0000015789b30ed0
Event: 54.008 Thread 0x0000015789b35700 Thread exited: 0x0000015789b35700
Event: 54.008 Thread 0x0000015789b33cc0 Thread exited: 0x0000015789b33cc0
Event: 55.441 Thread 0x00000157874fd6f0 Thread added: 0x0000015789b2f490
Event: 55.463 Thread 0x00000157874fd6f0 Thread added: 0x0000015789b36420
Event: 55.614 Thread 0x0000015786480d90 Thread added: 0x0000015789b31560


Dynamic libraries:
0x00007ff7b0160000 - 0x00007ff7b016e000 	c:\Users\DELL\.vscode\extensions\redhat.java-1.44.0-win32-x64\jre\21.0.8-win32-x86_64\bin\java.exe
0x00007ffe173d0000 - 0x00007ffe175e7000 	C:\WINDOWS\SYSTEM32\ntdll.dll
0x00007ffe15340000 - 0x00007ffe15404000 	C:\WINDOWS\System32\KERNEL32.DLL
0x00007ffe14490000 - 0x00007ffe14862000 	C:\WINDOWS\System32\KERNELBASE.dll
0x00007ffe14a30000 - 0x00007ffe14b41000 	C:\WINDOWS\System32\ucrtbase.dll
0x00007ffdfc350000 - 0x00007ffdfc36e000 	c:\Users\DELL\.vscode\extensions\redhat.java-1.44.0-win32-x64\jre\21.0.8-win32-x86_64\bin\VCRUNTIME140.dll
0x00007ffdfd340000 - 0x00007ffdfd358000 	c:\Users\DELL\.vscode\extensions\redhat.java-1.44.0-win32-x64\jre\21.0.8-win32-x86_64\bin\jli.dll
0x00007ffe15a10000 - 0x00007ffe15bc1000 	C:\WINDOWS\System32\USER32.dll
0x00007ffe137b0000 - 0x00007ffe13a4b000 	C:\WINDOWS\WinSxS\amd64_microsoft.windows.common-controls_6595b64144ccf1df_6.0.22621.5547_none_27104afb73855772\COMCTL32.dll
0x00007ffe14b50000 - 0x00007ffe14b76000 	C:\WINDOWS\System32\win32u.dll
0x00007ffe169f0000 - 0x00007ffe16a97000 	C:\WINDOWS\System32\msvcrt.dll
0x00007ffe15bd0000 - 0x00007ffe15bf9000 	C:\WINDOWS\System32\GDI32.dll
0x00007ffe14e40000 - 0x00007ffe14f63000 	C:\WINDOWS\System32\gdi32full.dll
0x00007ffe14cf0000 - 0x00007ffe14d8a000 	C:\WINDOWS\System32\msvcp_win.dll
0x00007ffe15030000 - 0x00007ffe15061000 	C:\WINDOWS\System32\IMM32.DLL
0x00007ffdfceb0000 - 0x00007ffdfcebc000 	c:\Users\DELL\.vscode\extensions\redhat.java-1.44.0-win32-x64\jre\21.0.8-win32-x86_64\bin\vcruntime140_1.dll
0x00007ffdf6f00000 - 0x00007ffdf6f8d000 	c:\Users\DELL\.vscode\extensions\redhat.java-1.44.0-win32-x64\jre\21.0.8-win32-x86_64\bin\msvcp140.dll
0x00007ffd91270000 - 0x00007ffd92007000 	c:\Users\DELL\.vscode\extensions\redhat.java-1.44.0-win32-x64\jre\21.0.8-win32-x86_64\bin\server\jvm.dll
0x00007ffe15280000 - 0x00007ffe15331000 	C:\WINDOWS\System32\ADVAPI32.dll
0x00007ffe156c0000 - 0x00007ffe15768000 	C:\WINDOWS\System32\sechost.dll
0x00007ffe14e10000 - 0x00007ffe14e38000 	C:\WINDOWS\System32\bcrypt.dll
0x00007ffe15550000 - 0x00007ffe15664000 	C:\WINDOWS\System32\RPCRT4.dll
0x00007ffe15070000 - 0x00007ffe150e1000 	C:\WINDOWS\System32\WS2_32.dll
0x00007ffe141b0000 - 0x00007ffe141fd000 	C:\WINDOWS\SYSTEM32\POWRPROF.dll
0x00007ffe0a0e0000 - 0x00007ffe0a114000 	C:\WINDOWS\SYSTEM32\WINMM.dll
0x00007ffe12690000 - 0x00007ffe1269a000 	C:\WINDOWS\SYSTEM32\VERSION.dll
0x00007ffe14190000 - 0x00007ffe141a3000 	C:\WINDOWS\SYSTEM32\UMPDC.dll
0x00007ffe12580000 - 0x00007ffe12598000 	C:\WINDOWS\SYSTEM32\kernel.appcore.dll
0x00007ffdfc790000 - 0x00007ffdfc79a000 	c:\Users\DELL\.vscode\extensions\redhat.java-1.44.0-win32-x64\jre\21.0.8-win32-x86_64\bin\jimage.dll
0x00007ffe13d50000 - 0x00007ffe13f83000 	C:\WINDOWS\SYSTEM32\DBGHELP.DLL
0x00007ffe164b0000 - 0x00007ffe16843000 	C:\WINDOWS\System32\combase.dll
0x00007ffe17280000 - 0x00007ffe17357000 	C:\WINDOWS\System32\OLEAUT32.dll
0x00007ffe13c40000 - 0x00007ffe13c72000 	C:\WINDOWS\SYSTEM32\dbgcore.DLL
0x00007ffe149b0000 - 0x00007ffe14a2b000 	C:\WINDOWS\System32\bcryptPrimitives.dll
0x00007ffdfc600000 - 0x00007ffdfc60f000 	c:\Users\DELL\.vscode\extensions\redhat.java-1.44.0-win32-x64\jre\21.0.8-win32-x86_64\bin\instrument.dll
0x00007ffdf8e30000 - 0x00007ffdf8e4f000 	c:\Users\DELL\.vscode\extensions\redhat.java-1.44.0-win32-x64\jre\21.0.8-win32-x86_64\bin\java.dll
0x00007ffe15c00000 - 0x00007ffe164a2000 	C:\WINDOWS\System32\SHELL32.dll
0x00007ffe14870000 - 0x00007ffe149af000 	C:\WINDOWS\System32\wintypes.dll
0x00007ffe11490000 - 0x00007ffe11dad000 	C:\WINDOWS\SYSTEM32\windows.storage.dll
0x00007ffe150f0000 - 0x00007ffe151fc000 	C:\WINDOWS\System32\SHCORE.dll
0x00007ffe15200000 - 0x00007ffe15269000 	C:\WINDOWS\System32\shlwapi.dll
0x00007ffe143c0000 - 0x00007ffe143eb000 	C:\WINDOWS\SYSTEM32\profapi.dll
0x00007ffdf8c00000 - 0x00007ffdf8c18000 	c:\Users\DELL\.vscode\extensions\redhat.java-1.44.0-win32-x64\jre\21.0.8-win32-x86_64\bin\zip.dll
0x00007ffdfc3c0000 - 0x00007ffdfc3d0000 	C:\Users\DELL\.vscode\extensions\redhat.java-1.44.0-win32-x64\jre\21.0.8-win32-x86_64\bin\net.dll
0x00007ffe0b310000 - 0x00007ffe0b43c000 	C:\WINDOWS\SYSTEM32\WINHTTP.dll
0x00007ffe129e0000 - 0x00007ffe12a49000 	C:\WINDOWS\system32\mswsock.dll
0x00007ffdea330000 - 0x00007ffdea346000 	C:\Users\DELL\.vscode\extensions\redhat.java-1.44.0-win32-x64\jre\21.0.8-win32-x86_64\bin\nio.dll
0x00007ffdfc300000 - 0x00007ffdfc310000 	c:\Users\DELL\.vscode\extensions\redhat.java-1.44.0-win32-x64\jre\21.0.8-win32-x86_64\bin\verify.dll
0x00007ffdea2e0000 - 0x00007ffdea325000 	C:\Users\DELL\AppData\Roaming\Code\User\globalStorage\redhat.java\1.44.0\config_win\org.eclipse.equinox.launcher\org.eclipse.equinox.launcher.win32.win32.x86_64_1.2.1400.v20250730-1736\eclipse_11913.dll
0x00007ffe170e0000 - 0x00007ffe17280000 	C:\WINDOWS\System32\ole32.dll
0x00007ffe140b0000 - 0x00007ffe140cb000 	C:\WINDOWS\SYSTEM32\CRYPTSP.dll
0x00007ffe124e0000 - 0x00007ffe12517000 	C:\WINDOWS\system32\rsaenh.dll
0x00007ffe12ad0000 - 0x00007ffe12af8000 	C:\WINDOWS\SYSTEM32\USERENV.dll
0x00007ffe12c30000 - 0x00007ffe12c3c000 	C:\WINDOWS\SYSTEM32\CRYPTBASE.dll
0x00007ffe12000000 - 0x00007ffe1202d000 	C:\WINDOWS\SYSTEM32\IPHLPAPI.DLL
0x00007ffe15820000 - 0x00007ffe15829000 	C:\WINDOWS\System32\NSI.dll
0x00007ffde4270000 - 0x00007ffde42b9000 	C:\Users\DELL\AppData\Local\Temp\jna-2094529\jna14895543415581825016.dll
0x00007ffe15a00000 - 0x00007ffe15a08000 	C:\WINDOWS\System32\PSAPI.DLL
0x00007ffe0b2f0000 - 0x00007ffe0b309000 	C:\WINDOWS\SYSTEM32\dhcpcsvc6.DLL
0x00007ffe0b2d0000 - 0x00007ffe0b2ef000 	C:\WINDOWS\SYSTEM32\dhcpcsvc.DLL
0x00007ffdfdbd0000 - 0x00007ffdfdbde000 	C:\Users\DELL\.vscode\extensions\redhat.java-1.44.0-win32-x64\jre\21.0.8-win32-x86_64\bin\sunmscapi.dll
0x00007ffe14b80000 - 0x00007ffe14ce7000 	C:\WINDOWS\System32\CRYPT32.dll
0x00007ffe13690000 - 0x00007ffe136bd000 	C:\WINDOWS\SYSTEM32\ncrypt.dll
0x00007ffe13650000 - 0x00007ffe13687000 	C:\WINDOWS\SYSTEM32\NTASN1.dll
0x00007ffe12030000 - 0x00007ffe12128000 	C:\WINDOWS\SYSTEM32\DNSAPI.dll
0x00007ffe08610000 - 0x00007ffe0861a000 	C:\Windows\System32\rasadhlp.dll
0x00007ffe07f30000 - 0x00007ffe07fb4000 	C:\WINDOWS\System32\fwpuclnt.dll
0x00007ffdfdbc0000 - 0x00007ffdfdbc9000 	C:\Users\DELL\.vscode\extensions\redhat.java-1.44.0-win32-x64\jre\21.0.8-win32-x86_64\bin\extnet.dll
0x00007ffe13d10000 - 0x00007ffe13d44000 	C:\WINDOWS\SYSTEM32\ntmarta.dll

JVMTI agents:
c:\Users\DELL\.vscode\extensions\redhat.java-1.44.0-win32-x64\lombok\lombok-1.18.39-4050.jar path:c:\Users\DELL\.vscode\extensions\redhat.java-1.44.0-win32-x64\jre\21.0.8-win32-x86_64\bin\instrument.dll, loaded, initialized, instrumentlib options:none

dbghelp: loaded successfully - version: 4.0.5 - missing functions: none
symbol engine: initialized successfully - sym options: 0x614 - pdb path: .;c:\Users\DELL\.vscode\extensions\redhat.java-1.44.0-win32-x64\jre\21.0.8-win32-x86_64\bin;C:\WINDOWS\SYSTEM32;C:\WINDOWS\WinSxS\amd64_microsoft.windows.common-controls_6595b64144ccf1df_6.0.22621.5547_none_27104afb73855772;c:\Users\DELL\.vscode\extensions\redhat.java-1.44.0-win32-x64\jre\21.0.8-win32-x86_64\bin\server;C:\Users\DELL\AppData\Roaming\Code\User\globalStorage\redhat.java\1.44.0\config_win\org.eclipse.equinox.launcher\org.eclipse.equinox.launcher.win32.win32.x86_64_1.2.1400.v20250730-1736;C:\Users\DELL\AppData\Local\Temp\jna-2094529

VM Arguments:
jvm_args: --add-modules=ALL-SYSTEM --add-opens=java.base/java.util=ALL-UNNAMED --add-opens=java.base/java.lang=ALL-UNNAMED --add-opens=java.base/sun.nio.fs=ALL-UNNAMED -Declipse.application=org.eclipse.jdt.ls.core.id1 -Dosgi.bundles.defaultStartLevel=4 -Declipse.product=org.eclipse.jdt.ls.core.product -Djava.import.generatesMetadataFilesAtProjectRoot=false -DDetectVMInstallationsJob.disabled=true -Dfile.encoding=utf8 -XX:+UseParallelGC -XX:GCTimeRatio=4 -XX:AdaptiveSizePolicyWeight=90 -Dsun.zip.disableMemoryMapping=true -Xmx2G -Xms100m -Xlog:disable -javaagent:c:\Users\DELL\.vscode\extensions\redhat.java-1.44.0-win32-x64\lombok\lombok-1.18.39-4050.jar -XX:+HeapDumpOnOutOfMemoryError -XX:HeapDumpPath=c:\Users\DELL\AppData\Roaming\Code\User\workspaceStorage\eb21bef9fd1b8dd25457df91183e67b7\redhat.java -Daether.dependencyCollector.impl=bf 
java_command: c:\Users\DELL\.vscode\extensions\redhat.java-1.44.0-win32-x64\server\plugins\org.eclipse.equinox.launcher_1.7.0.v20250519-0528.jar -configuration c:\Users\DELL\AppData\Roaming\Code\User\globalStorage\redhat.java\1.44.0\config_win -data c:\Users\DELL\AppData\Roaming\Code\User\workspaceStorage\eb21bef9fd1b8dd25457df91183e67b7\redhat.java\jdt_ws --pipe=\\.\pipe\lsp-765ef04361389a4c5f467b76d9e91ffc-sock
java_class_path (initial): c:\Users\DELL\.vscode\extensions\redhat.java-1.44.0-win32-x64\server\plugins\org.eclipse.equinox.launcher_1.7.0.v20250519-0528.jar
Launcher Type: SUN_STANDARD

[Global flags]
    uintx AdaptiveSizePolicyWeight                 = 90                                        {product} {command line}
     intx CICompilerCount                          = 4                                         {product} {ergonomic}
    uintx GCTimeRatio                              = 4                                         {product} {command line}
     bool HeapDumpOnOutOfMemoryError               = true                                   {manageable} {command line}
    ccstr HeapDumpPath                             = c:\Users\DELL\AppData\Roaming\Code\User\workspaceStorage\eb21bef9fd1b8dd25457df91183e67b7\redhat.java         {manageable} {command line}
   size_t InitialHeapSize                          = 104857600                                 {product} {command line}
   size_t MaxHeapSize                              = 2147483648                                {product} {command line}
   size_t MaxNewSize                               = 715653120                                 {product} {ergonomic}
   size_t MinHeapDeltaBytes                        = 524288                                    {product} {ergonomic}
   size_t MinHeapSize                              = 104857600                                 {product} {command line}
   size_t NewSize                                  = 34603008                                  {product} {ergonomic}
    uintx NonNMethodCodeHeapSize                   = 5839372                                {pd product} {ergonomic}
    uintx NonProfiledCodeHeapSize                  = 122909434                              {pd product} {ergonomic}
   size_t OldSize                                  = 70254592                                  {product} {ergonomic}
    uintx ProfiledCodeHeapSize                     = 122909434                              {pd product} {ergonomic}
    uintx ReservedCodeCacheSize                    = 251658240                              {pd product} {ergonomic}
     bool SegmentedCodeCache                       = true                                      {product} {ergonomic}
   size_t SoftMaxHeapSize                          = 2147483648                             {manageable} {ergonomic}
     bool UseCompressedOops                        = true                           {product lp64_product} {ergonomic}
     bool UseLargePagesIndividualAllocation        = false                                  {pd product} {ergonomic}
     bool UseParallelGC                            = true                                      {product} {command line}

Logging:
Log output configuration:
 #0: stdout all=off uptime,level,tags foldmultilines=false
 #1: stderr all=off uptime,level,tags foldmultilines=false

Environment Variables:
JAVA_HOME=C:\Program Files\Eclipse Adoptium\jdk-17.0.16.8-hotspot
PATH=C:\Program Files\Eclipse Adoptium\jdk-17.0.16.8-hotspot\bin;C:\Program Files\Eclipse Adoptium\jdk-21.0.8.9-hotspot\bin;C:\Program Files\Common Files\Oracle\Java\javapath;C:\Program Files (x86)\VMware\VMware Workstation\bin\;C:\Program Files (x86)\Common Files\Oracle\Java\java8path;C:\Program Files (x86)\Common Files\Oracle\Java\javapath;C:\Program Files (x86)\Razer Chroma SDK\bin;C:\Program Files\Razer Chroma SDK\bin;C:\Program Files (x86)\Razer\ChromaBroadcast\bin;C:\Program Files\Razer\ChromaBroadcast\bin;C:\WINDOWS\system32;C:\WINDOWS;C:\WINDOWS\System32\Wbem;C:\WINDOWS\System32\WindowsPowerShell\v1.0\;C:\WINDOWS\System32\OpenSSH\;C:\Program Files (x86)\Intel\Intel(R) Management Engine Components\DAL;C:\Program Files\Intel\Intel(R) Management Engine Components\DAL;C:\Python27;C:\FPC\3.0.4\bin\i386-Win32;C:\WINDOWS\system32\config\systemprofile\AppData\Local\Microsoft\WindowsApps;C:\WINDOWS\system32;C:\WINDOWS;C:\WINDOWS\System32\Wbem;C:\WINDOWS\System32\WindowsPowerShell\v1.0\;C:\WINDOWS\System32\OpenSSH\;C:\Program Files\dotnet\;C:\Program Files (x86)\dotnet\;C:\ProgramData\chocolatey\bin;C:\Program Files (x86)\Java\jre-1.8\bin;C:\Program Files\Java\jdk-23\bin;C:\Program Files\MySQL\MySQL Server 8.0\bin;C:\Program Files\Git\cmd;C:\Program Files\apache-maven-3.9.11\bin;C:\Program Files\Eclipse Adoptium\jdk-17.0.16.8-hotspot\bin;C:\Program Files\MySQL\MySQL Shell 8.0\bin\;C:\Users\DELL\AppData\Local\Programs\Python\Python39\Scripts\;C:\Users\DELL\AppData\Local\Programs\Python\Python39\;C:\Users\DELL\AppData\Local\Microsoft\WindowsApps;C:\Users\DELL\AppData\Local\Microsoft\WindowsApps;C:\Users\DELL\AppData\Local\Programs\Microsoft VS Code\bin;C:\Program Files\JetBrains\PyCharm 2022.3\bin;;C:\Program Files\JetBrains\PyCharm Community Edition 2022.3\bin;;C:\Program Files\Azure Data Studio\bin;C:\Users\DELL\Downloads\FUV_student_hw1.java;C:\Users\DELL\.dotnet\tools;C:\Users\DELL\AppData\Local\GitHubDesktop\bin
USERNAME=DELL
OS=Windows_NT
PROCESSOR_IDENTIFIER=Intel64 Family 6 Model 142 Stepping 10, GenuineIntel
TMP=C:\Users\DELL\AppData\Local\Temp
TEMP=C:\Users\DELL\AppData\Local\Temp




Periodic native trim disabled

---------------  S Y S T E M  ---------------

OS:
 Windows 11 , 64 bit Build 22621 (10.0.22621.5415)
OS uptime: 2 days 1:53 hours

CPU: total 8 (initial active 8) (4 cores per cpu, 2 threads per core) family 6 model 142 stepping 10 microcode 0xea, cx8, cmov, fxsr, ht, mmx, 3dnowpref, sse, sse2, sse3, ssse3, sse4.1, sse4.2, popcnt, lzcnt, tsc, tscinvbit, avx, avx2, aes, erms, clmul, bmi1, bmi2, adx, fma, vzeroupper, clflush, clflushopt, rdtscp, f16c
Processor Information for the first 8 processors :
  Max Mhz: 2001, Current Mhz: 2001, Mhz Limit: 2001

Memory: 4k page, system-wide physical 7919M (198M free)
TotalPageFile size 15087M (AvailPageFile size 5M)
current process WorkingSet (physical memory assigned to process): 555M, peak: 571M
current process commit charge ("private bytes"): 661M, peak: 667M

vm_info: OpenJDK 64-Bit Server VM (21.0.8+9-LTS) for windows-amd64 JRE (21.0.8+9-LTS), built on 2025-07-15T00:00:00Z by "admin" with MS VC++ 17.7 (VS2022)

END.
