#
# There is insufficient memory for the Java Runtime Environment to continue.
# Native memory allocation (malloc) failed to allocate 355056 bytes. Error detail: Chunk::new
# Possible reasons:
#   The system is out of physical RAM or swap space
#   This process is running with CompressedOops enabled, and the Java Heap may be blocking the growth of the native heap
# Possible solutions:
#   Reduce memory load on the system
#   Increase physical memory or swap space
#   Check if swap backing store is full
#   Decrease Java heap size (-Xmx/-Xms)
#   Decrease number of Java threads
#   Decrease Java thread stack sizes (-Xss)
#   Set larger code cache with -XX:ReservedCodeCacheSize=
#   JVM is running with Unscaled Compressed Oops mode in which the Java heap is
#     placed in the first 4GB address space. The Java Heap base address is the
#     maximum limit for the native heap growth. Please use -XX:HeapBaseMinAddress
#     to set the Java Heap base and to place the Java Heap above 4GB virtual address.
# This output file may be truncated or incomplete.
#
#  Out of Memory Error (arena.cpp:191), pid=18988, tid=3404
#
# JRE version: OpenJDK Runtime Environment Temurin-17.0.16+8 (17.0.16+8) (build 17.0.16+8)
# Java VM: OpenJDK 64-Bit Server VM Temurin-17.0.16+8 (17.0.16+8, mixed mode, sharing, tiered, compressed oops, compressed class ptrs, g1 gc, windows-amd64)
# No core dump will be written. Minidumps are not enabled by default on client versions of Windows
#

---------------  S U M M A R Y ------------

Command Line: --enable-native-access=ALL-UNNAMED -Dclassworlds.conf=C:\Users\DELL\.m2\wrapper\dists\apache-maven-3.9.11\d6d3cbd4012d4c1d840e93277aca316c\bin\m2.conf -Dmaven.home=C:\Users\DELL\.m2\wrapper\dists\apache-maven-3.9.11\d6d3cbd4012d4c1d840e93277aca316c -Dlibrary.jansi.path=C:\Users\DELL\.m2\wrapper\dists\apache-maven-3.9.11\d6d3cbd4012d4c1d840e93277aca316c\lib\jansi-native -Dmaven.multiModuleProjectDirectory=C:\Users\DELL\OneDrive\Documents\BBV\googledrive org.codehaus.plexus.classworlds.launcher.Launcher -Dexec.vmArgs=-Dfile.encoding=UTF-8 -Dexec.args=${exec.vmArgs} -classpath %classpath ${exec.mainClass} ${exec.appArgs} -Dexec.appArgs= -Dexec.mainClass=${packageClassName} -Dexec.executable=C:\Program Files\Eclipse Adoptium\jdk-17.0.16.8-hotspot\bin\java.exe -DskipTests=true -Dmaven.ext.class.path=C:\Users\DELL\.vscode\extensions\oracle.oracle-java-24.0.0\nbcode\java\maven-nblib\netbeans-eventspy.jar --no-transfer-progress process-classes org.codehaus.mojo:exec-maven-plugin:3.1.0:exec

Host: Intel(R) Core(TM) i7-8550U CPU @ 1.80GHz, 8 cores, 7G,  Windows 11 , 64 bit Build 22621 (10.0.22621.5415)
Time: Mon Aug  4 10:58:21 2025 SE Asia Standard Time elapsed time: 1.985685 seconds (0d 0h 0m 1s)

---------------  T H R E A D  ---------------

Current thread (0x00000200e24f5290):  JavaThread "C2 CompilerThread1" daemon [_thread_in_native, id=3404, stack(0x00000041db200000,0x00000041db300000)]


Current CompileTask:
C2:   1985 1375       4       jdk.internal.jimage.ImageLocation::verify (218 bytes)

Stack: [0x00000041db200000,0x00000041db300000]
Native frames: (J=compiled Java code, j=interpreted, Vv=VM code, C=native code)
V  [jvm.dll+0x683169]
V  [jvm.dll+0x839ac8]
V  [jvm.dll+0x83b573]
V  [jvm.dll+0x83bbe3]
V  [jvm.dll+0x2473ff]
V  [jvm.dll+0xace94]
V  [jvm.dll+0xad52c]
V  [jvm.dll+0x365dbf]
V  [jvm.dll+0x32fff8]
V  [jvm.dll+0x32f47a]
V  [jvm.dll+0x21831f]
V  [jvm.dll+0x21775f]
V  [jvm.dll+0x1a32a0]
V  [jvm.dll+0x227b3c]
V  [jvm.dll+0x225ccb]
V  [jvm.dll+0x7ef2d8]
V  [jvm.dll+0x7e979c]
V  [jvm.dll+0x682047]
C  [ucrtbase.dll+0x29333]
C  [KERNEL32.DLL+0x1259d]
C  [ntdll.dll+0x5af78]


---------------  P R O C E S S  ---------------

Threads class SMR info:
_java_thread_list=0x00000200e22fd4d0, length=13, elements={
0x00000200fc62e9b0, 0x000002009cb266e0, 0x000002009cb27270, 0x000002009cb41040,
0x000002009cb41910, 0x000002009cb421e0, 0x000002009cb43ac0, 0x000002009cb45400,
0x000002009cb45d10, 0x000002009cb46230, 0x00000200e21185f0, 0x00000200e211ee10,
0x00000200e24f5290
}

Java Threads: ( => current thread )
  0x00000200fc62e9b0 JavaThread "main" [_thread_in_vm, id=3768, stack(0x00000041d9f00000,0x00000041da000000)]
  0x000002009cb266e0 JavaThread "Reference Handler" daemon [_thread_blocked, id=8288, stack(0x00000041da600000,0x00000041da700000)]
  0x000002009cb27270 JavaThread "Finalizer" daemon [_thread_blocked, id=3548, stack(0x00000041da700000,0x00000041da800000)]
  0x000002009cb41040 JavaThread "Signal Dispatcher" daemon [_thread_blocked, id=21428, stack(0x00000041da800000,0x00000041da900000)]
  0x000002009cb41910 JavaThread "Attach Listener" daemon [_thread_blocked, id=20700, stack(0x00000041da900000,0x00000041daa00000)]
  0x000002009cb421e0 JavaThread "Service Thread" daemon [_thread_blocked, id=21796, stack(0x00000041daa00000,0x00000041dab00000)]
  0x000002009cb43ac0 JavaThread "Monitor Deflation Thread" daemon [_thread_blocked, id=25016, stack(0x00000041dab00000,0x00000041dac00000)]
  0x000002009cb45400 JavaThread "C2 CompilerThread0" daemon [_thread_in_native, id=18340, stack(0x00000041dac00000,0x00000041dad00000)]
  0x000002009cb45d10 JavaThread "C1 CompilerThread0" daemon [_thread_in_native, id=9336, stack(0x00000041dad00000,0x00000041dae00000)]
  0x000002009cb46230 JavaThread "Sweeper thread" daemon [_thread_blocked, id=24336, stack(0x00000041dae00000,0x00000041daf00000)]
  0x00000200e21185f0 JavaThread "Notification Thread" daemon [_thread_blocked, id=13680, stack(0x00000041daf00000,0x00000041db000000)]
  0x00000200e211ee10 JavaThread "Common-Cleaner" daemon [_thread_blocked, id=7260, stack(0x00000041db100000,0x00000041db200000)]
=>0x00000200e24f5290 JavaThread "C2 CompilerThread1" daemon [_thread_in_native, id=3404, stack(0x00000041db200000,0x00000041db300000)]

Other Threads:
  0x000002009cb1f580 VMThread "VM Thread" [stack: 0x00000041da500000,0x00000041da600000] [id=2852]
  0x00000200e211d310 WatcherThread [stack: 0x00000041db000000,0x00000041db100000] [id=22232]
  0x00000200fe93e5f0 GCTaskThread "GC Thread#0" [stack: 0x00000041da000000,0x00000041da100000] [id=17744]
  0x00000200e21d31b0 GCTaskThread "GC Thread#1" [stack: 0x00000041db300000,0x00000041db400000] [id=5836]
  0x00000200e2f63930 GCTaskThread "GC Thread#2" [stack: 0x00000041db400000,0x00000041db500000] [id=3692]
  0x00000200e2e8d3f0 GCTaskThread "GC Thread#3" [stack: 0x00000041db500000,0x00000041db600000] [id=10748]
  0x00000200e2e8d6b0 GCTaskThread "GC Thread#4" [stack: 0x00000041db600000,0x00000041db700000] [id=24212]
  0x00000200e2f4f350 GCTaskThread "GC Thread#5" [stack: 0x00000041db700000,0x00000041db800000] [id=16108]
  0x00000200e2f4f610 GCTaskThread "GC Thread#6" [stack: 0x00000041db800000,0x00000041db900000] [id=17540]
  0x00000200fe94ebd0 ConcurrentGCThread "G1 Main Marker" [stack: 0x00000041da100000,0x00000041da200000] [id=11992]
  0x00000200fe951cb0 ConcurrentGCThread "G1 Conc#0" [stack: 0x00000041da200000,0x00000041da300000] [id=25184]
  0x00000200fe98e7e0 ConcurrentGCThread "G1 Refine#0" [stack: 0x00000041da300000,0x00000041da400000] [id=16120]
  0x000002009c9cb670 ConcurrentGCThread "G1 Service" [stack: 0x00000041da400000,0x00000041da500000] [id=17896]

Threads with active compile tasks:
C2 CompilerThread0     2052 1432       4       jdk.internal.jimage.BasicImageReader::getLocationIndex (52 bytes)
C2 CompilerThread1     2052 1375       4       jdk.internal.jimage.ImageLocation::verify (218 bytes)

VM state: not at safepoint (normal execution)

VM Mutex/Monitor currently owned by a thread: None

Heap address: 0x0000000084400000, size: 1980 MB, Compressed Oops mode: 32-bit

CDS archive(s) mapped at: [0x000002009d000000-0x000002009dbb0000-0x000002009dbb0000), size 12255232, SharedBaseAddress: 0x000002009d000000, ArchiveRelocationMode: 1.
Compressed class space mapped at: 0x000002009e000000-0x00000200de000000, reserved size: 1073741824
Narrow klass base: 0x000002009d000000, Narrow klass shift: 0, Narrow klass range: 0x100000000

GC Precious Log:
 CPUs: 8 total, 8 available
 Memory: 7919M
 Large Page Support: Disabled
 NUMA Support: Disabled
 Compressed Oops: Enabled (32-bit)
 Heap Region Size: 1M
 Heap Min Capacity: 8M
 Heap Initial Capacity: 124M
 Heap Max Capacity: 1980M
 Pre-touch: Disabled
 Parallel Workers: 8
 Concurrent Workers: 2
 Concurrent Refinement Workers: 8
 Periodic GC: Disabled

Heap:
 garbage-first heap   total 126976K, used 21060K [0x0000000084400000, 0x0000000100000000)
  region size 1024K, 21 young (21504K), 3 survivors (3072K)
 Metaspace       used 6923K, committed 7040K, reserved 1114112K
  class space    used 828K, committed 896K, reserved 1048576K

Heap Regions: E=young(eden), S=young(survivor), O=old, HS=humongous(starts), HC=humongous(continues), CS=collection set, F=free, OA=open archive, CA=closed archive, TAMS=top-at-mark-start (previous, next)
|   0|0x0000000084400000, 0x0000000084491200, 0x0000000084500000| 56%| O|  |TAMS 0x0000000084400000, 0x0000000084400000| Untracked 
|   1|0x0000000084500000, 0x0000000084500000, 0x0000000084600000|  0%| F|  |TAMS 0x0000000084500000, 0x0000000084500000| Untracked 
|   2|0x0000000084600000, 0x0000000084600000, 0x0000000084700000|  0%| F|  |TAMS 0x0000000084600000, 0x0000000084600000| Untracked 
|   3|0x0000000084700000, 0x0000000084700000, 0x0000000084800000|  0%| F|  |TAMS 0x0000000084700000, 0x0000000084700000| Untracked 
|   4|0x0000000084800000, 0x0000000084800000, 0x0000000084900000|  0%| F|  |TAMS 0x0000000084800000, 0x0000000084800000| Untracked 
|   5|0x0000000084900000, 0x0000000084900000, 0x0000000084a00000|  0%| F|  |TAMS 0x0000000084900000, 0x0000000084900000| Untracked 
|   6|0x0000000084a00000, 0x0000000084a00000, 0x0000000084b00000|  0%| F|  |TAMS 0x0000000084a00000, 0x0000000084a00000| Untracked 
|   7|0x0000000084b00000, 0x0000000084b00000, 0x0000000084c00000|  0%| F|  |TAMS 0x0000000084b00000, 0x0000000084b00000| Untracked 
|   8|0x0000000084c00000, 0x0000000084c00000, 0x0000000084d00000|  0%| F|  |TAMS 0x0000000084c00000, 0x0000000084c00000| Untracked 
|   9|0x0000000084d00000, 0x0000000084d00000, 0x0000000084e00000|  0%| F|  |TAMS 0x0000000084d00000, 0x0000000084d00000| Untracked 
|  10|0x0000000084e00000, 0x0000000084e00000, 0x0000000084f00000|  0%| F|  |TAMS 0x0000000084e00000, 0x0000000084e00000| Untracked 
|  11|0x0000000084f00000, 0x0000000084f00000, 0x0000000085000000|  0%| F|  |TAMS 0x0000000084f00000, 0x0000000084f00000| Untracked 
|  12|0x0000000085000000, 0x0000000085000000, 0x0000000085100000|  0%| F|  |TAMS 0x0000000085000000, 0x0000000085000000| Untracked 
|  13|0x0000000085100000, 0x0000000085100000, 0x0000000085200000|  0%| F|  |TAMS 0x0000000085100000, 0x0000000085100000| Untracked 
|  14|0x0000000085200000, 0x0000000085200000, 0x0000000085300000|  0%| F|  |TAMS 0x0000000085200000, 0x0000000085200000| Untracked 
|  15|0x0000000085300000, 0x0000000085300000, 0x0000000085400000|  0%| F|  |TAMS 0x0000000085300000, 0x0000000085300000| Untracked 
|  16|0x0000000085400000, 0x0000000085400000, 0x0000000085500000|  0%| F|  |TAMS 0x0000000085400000, 0x0000000085400000| Untracked 
|  17|0x0000000085500000, 0x0000000085500000, 0x0000000085600000|  0%| F|  |TAMS 0x0000000085500000, 0x0000000085500000| Untracked 
|  18|0x0000000085600000, 0x0000000085600000, 0x0000000085700000|  0%| F|  |TAMS 0x0000000085600000, 0x0000000085600000| Untracked 
|  19|0x0000000085700000, 0x0000000085700000, 0x0000000085800000|  0%| F|  |TAMS 0x0000000085700000, 0x0000000085700000| Untracked 
|  20|0x0000000085800000, 0x0000000085800000, 0x0000000085900000|  0%| F|  |TAMS 0x0000000085800000, 0x0000000085800000| Untracked 
|  21|0x0000000085900000, 0x0000000085900000, 0x0000000085a00000|  0%| F|  |TAMS 0x0000000085900000, 0x0000000085900000| Untracked 
|  22|0x0000000085a00000, 0x0000000085a00000, 0x0000000085b00000|  0%| F|  |TAMS 0x0000000085a00000, 0x0000000085a00000| Untracked 
|  23|0x0000000085b00000, 0x0000000085b00000, 0x0000000085c00000|  0%| F|  |TAMS 0x0000000085b00000, 0x0000000085b00000| Untracked 
|  24|0x0000000085c00000, 0x0000000085c00000, 0x0000000085d00000|  0%| F|  |TAMS 0x0000000085c00000, 0x0000000085c00000| Untracked 
|  25|0x0000000085d00000, 0x0000000085d00000, 0x0000000085e00000|  0%| F|  |TAMS 0x0000000085d00000, 0x0000000085d00000| Untracked 
|  26|0x0000000085e00000, 0x0000000085e00000, 0x0000000085f00000|  0%| F|  |TAMS 0x0000000085e00000, 0x0000000085e00000| Untracked 
|  27|0x0000000085f00000, 0x0000000085f00000, 0x0000000086000000|  0%| F|  |TAMS 0x0000000085f00000, 0x0000000085f00000| Untracked 
|  28|0x0000000086000000, 0x0000000086000000, 0x0000000086100000|  0%| F|  |TAMS 0x0000000086000000, 0x0000000086000000| Untracked 
|  29|0x0000000086100000, 0x0000000086100000, 0x0000000086200000|  0%| F|  |TAMS 0x0000000086100000, 0x0000000086100000| Untracked 
|  30|0x0000000086200000, 0x0000000086200000, 0x0000000086300000|  0%| F|  |TAMS 0x0000000086200000, 0x0000000086200000| Untracked 
|  31|0x0000000086300000, 0x0000000086300000, 0x0000000086400000|  0%| F|  |TAMS 0x0000000086300000, 0x0000000086300000| Untracked 
|  32|0x0000000086400000, 0x0000000086400000, 0x0000000086500000|  0%| F|  |TAMS 0x0000000086400000, 0x0000000086400000| Untracked 
|  33|0x0000000086500000, 0x0000000086500000, 0x0000000086600000|  0%| F|  |TAMS 0x0000000086500000, 0x0000000086500000| Untracked 
|  34|0x0000000086600000, 0x0000000086600000, 0x0000000086700000|  0%| F|  |TAMS 0x0000000086600000, 0x0000000086600000| Untracked 
|  35|0x0000000086700000, 0x0000000086700000, 0x0000000086800000|  0%| F|  |TAMS 0x0000000086700000, 0x0000000086700000| Untracked 
|  36|0x0000000086800000, 0x0000000086800000, 0x0000000086900000|  0%| F|  |TAMS 0x0000000086800000, 0x0000000086800000| Untracked 
|  37|0x0000000086900000, 0x0000000086900000, 0x0000000086a00000|  0%| F|  |TAMS 0x0000000086900000, 0x0000000086900000| Untracked 
|  38|0x0000000086a00000, 0x0000000086a00000, 0x0000000086b00000|  0%| F|  |TAMS 0x0000000086a00000, 0x0000000086a00000| Untracked 
|  39|0x0000000086b00000, 0x0000000086b00000, 0x0000000086c00000|  0%| F|  |TAMS 0x0000000086b00000, 0x0000000086b00000| Untracked 
|  40|0x0000000086c00000, 0x0000000086c00000, 0x0000000086d00000|  0%| F|  |TAMS 0x0000000086c00000, 0x0000000086c00000| Untracked 
|  41|0x0000000086d00000, 0x0000000086d00000, 0x0000000086e00000|  0%| F|  |TAMS 0x0000000086d00000, 0x0000000086d00000| Untracked 
|  42|0x0000000086e00000, 0x0000000086e00000, 0x0000000086f00000|  0%| F|  |TAMS 0x0000000086e00000, 0x0000000086e00000| Untracked 
|  43|0x0000000086f00000, 0x0000000086f00000, 0x0000000087000000|  0%| F|  |TAMS 0x0000000086f00000, 0x0000000086f00000| Untracked 
|  44|0x0000000087000000, 0x0000000087000000, 0x0000000087100000|  0%| F|  |TAMS 0x0000000087000000, 0x0000000087000000| Untracked 
|  45|0x0000000087100000, 0x0000000087100000, 0x0000000087200000|  0%| F|  |TAMS 0x0000000087100000, 0x0000000087100000| Untracked 
|  46|0x0000000087200000, 0x0000000087200000, 0x0000000087300000|  0%| F|  |TAMS 0x0000000087200000, 0x0000000087200000| Untracked 
|  47|0x0000000087300000, 0x0000000087300000, 0x0000000087400000|  0%| F|  |TAMS 0x0000000087300000, 0x0000000087300000| Untracked 
|  48|0x0000000087400000, 0x0000000087400000, 0x0000000087500000|  0%| F|  |TAMS 0x0000000087400000, 0x0000000087400000| Untracked 
|  49|0x0000000087500000, 0x0000000087500000, 0x0000000087600000|  0%| F|  |TAMS 0x0000000087500000, 0x0000000087500000| Untracked 
|  50|0x0000000087600000, 0x0000000087600000, 0x0000000087700000|  0%| F|  |TAMS 0x0000000087600000, 0x0000000087600000| Untracked 
|  51|0x0000000087700000, 0x0000000087700000, 0x0000000087800000|  0%| F|  |TAMS 0x0000000087700000, 0x0000000087700000| Untracked 
|  52|0x0000000087800000, 0x0000000087800000, 0x0000000087900000|  0%| F|  |TAMS 0x0000000087800000, 0x0000000087800000| Untracked 
|  53|0x0000000087900000, 0x0000000087900000, 0x0000000087a00000|  0%| F|  |TAMS 0x0000000087900000, 0x0000000087900000| Untracked 
|  54|0x0000000087a00000, 0x0000000087a00000, 0x0000000087b00000|  0%| F|  |TAMS 0x0000000087a00000, 0x0000000087a00000| Untracked 
|  55|0x0000000087b00000, 0x0000000087b00000, 0x0000000087c00000|  0%| F|  |TAMS 0x0000000087b00000, 0x0000000087b00000| Untracked 
|  56|0x0000000087c00000, 0x0000000087c00000, 0x0000000087d00000|  0%| F|  |TAMS 0x0000000087c00000, 0x0000000087c00000| Untracked 
|  57|0x0000000087d00000, 0x0000000087d00000, 0x0000000087e00000|  0%| F|  |TAMS 0x0000000087d00000, 0x0000000087d00000| Untracked 
|  58|0x0000000087e00000, 0x0000000087e00000, 0x0000000087f00000|  0%| F|  |TAMS 0x0000000087e00000, 0x0000000087e00000| Untracked 
|  59|0x0000000087f00000, 0x0000000087f00000, 0x0000000088000000|  0%| F|  |TAMS 0x0000000087f00000, 0x0000000087f00000| Untracked 
|  60|0x0000000088000000, 0x0000000088000000, 0x0000000088100000|  0%| F|  |TAMS 0x0000000088000000, 0x0000000088000000| Untracked 
|  61|0x0000000088100000, 0x0000000088100000, 0x0000000088200000|  0%| F|  |TAMS 0x0000000088100000, 0x0000000088100000| Untracked 
|  62|0x0000000088200000, 0x0000000088200000, 0x0000000088300000|  0%| F|  |TAMS 0x0000000088200000, 0x0000000088200000| Untracked 
|  63|0x0000000088300000, 0x0000000088300000, 0x0000000088400000|  0%| F|  |TAMS 0x0000000088300000, 0x0000000088300000| Untracked 
|  64|0x0000000088400000, 0x0000000088400000, 0x0000000088500000|  0%| F|  |TAMS 0x0000000088400000, 0x0000000088400000| Untracked 
|  65|0x0000000088500000, 0x0000000088500000, 0x0000000088600000|  0%| F|  |TAMS 0x0000000088500000, 0x0000000088500000| Untracked 
|  66|0x0000000088600000, 0x0000000088600000, 0x0000000088700000|  0%| F|  |TAMS 0x0000000088600000, 0x0000000088600000| Untracked 
|  67|0x0000000088700000, 0x0000000088700000, 0x0000000088800000|  0%| F|  |TAMS 0x0000000088700000, 0x0000000088700000| Untracked 
|  68|0x0000000088800000, 0x0000000088800000, 0x0000000088900000|  0%| F|  |TAMS 0x0000000088800000, 0x0000000088800000| Untracked 
|  69|0x0000000088900000, 0x0000000088900000, 0x0000000088a00000|  0%| F|  |TAMS 0x0000000088900000, 0x0000000088900000| Untracked 
|  70|0x0000000088a00000, 0x0000000088a00000, 0x0000000088b00000|  0%| F|  |TAMS 0x0000000088a00000, 0x0000000088a00000| Untracked 
|  71|0x0000000088b00000, 0x0000000088b00000, 0x0000000088c00000|  0%| F|  |TAMS 0x0000000088b00000, 0x0000000088b00000| Untracked 
|  72|0x0000000088c00000, 0x0000000088c00000, 0x0000000088d00000|  0%| F|  |TAMS 0x0000000088c00000, 0x0000000088c00000| Untracked 
|  73|0x0000000088d00000, 0x0000000088d00000, 0x0000000088e00000|  0%| F|  |TAMS 0x0000000088d00000, 0x0000000088d00000| Untracked 
|  74|0x0000000088e00000, 0x0000000088e00000, 0x0000000088f00000|  0%| F|  |TAMS 0x0000000088e00000, 0x0000000088e00000| Untracked 
|  75|0x0000000088f00000, 0x0000000088f00000, 0x0000000089000000|  0%| F|  |TAMS 0x0000000088f00000, 0x0000000088f00000| Untracked 
|  76|0x0000000089000000, 0x0000000089000000, 0x0000000089100000|  0%| F|  |TAMS 0x0000000089000000, 0x0000000089000000| Untracked 
|  77|0x0000000089100000, 0x0000000089100000, 0x0000000089200000|  0%| F|  |TAMS 0x0000000089100000, 0x0000000089100000| Untracked 
|  78|0x0000000089200000, 0x0000000089200000, 0x0000000089300000|  0%| F|  |TAMS 0x0000000089200000, 0x0000000089200000| Untracked 
|  79|0x0000000089300000, 0x0000000089300000, 0x0000000089400000|  0%| F|  |TAMS 0x0000000089300000, 0x0000000089300000| Untracked 
|  80|0x0000000089400000, 0x0000000089400000, 0x0000000089500000|  0%| F|  |TAMS 0x0000000089400000, 0x0000000089400000| Untracked 
|  81|0x0000000089500000, 0x0000000089500000, 0x0000000089600000|  0%| F|  |TAMS 0x0000000089500000, 0x0000000089500000| Untracked 
|  82|0x0000000089600000, 0x0000000089600000, 0x0000000089700000|  0%| F|  |TAMS 0x0000000089600000, 0x0000000089600000| Untracked 
|  83|0x0000000089700000, 0x0000000089700000, 0x0000000089800000|  0%| F|  |TAMS 0x0000000089700000, 0x0000000089700000| Untracked 
|  84|0x0000000089800000, 0x0000000089800000, 0x0000000089900000|  0%| F|  |TAMS 0x0000000089800000, 0x0000000089800000| Untracked 
|  85|0x0000000089900000, 0x0000000089900000, 0x0000000089a00000|  0%| F|  |TAMS 0x0000000089900000, 0x0000000089900000| Untracked 
|  86|0x0000000089a00000, 0x0000000089a00000, 0x0000000089b00000|  0%| F|  |TAMS 0x0000000089a00000, 0x0000000089a00000| Untracked 
|  87|0x0000000089b00000, 0x0000000089b00000, 0x0000000089c00000|  0%| F|  |TAMS 0x0000000089b00000, 0x0000000089b00000| Untracked 
|  88|0x0000000089c00000, 0x0000000089c00000, 0x0000000089d00000|  0%| F|  |TAMS 0x0000000089c00000, 0x0000000089c00000| Untracked 
|  89|0x0000000089d00000, 0x0000000089d00000, 0x0000000089e00000|  0%| F|  |TAMS 0x0000000089d00000, 0x0000000089d00000| Untracked 
|  90|0x0000000089e00000, 0x0000000089e00000, 0x0000000089f00000|  0%| F|  |TAMS 0x0000000089e00000, 0x0000000089e00000| Untracked 
|  91|0x0000000089f00000, 0x0000000089f00000, 0x000000008a000000|  0%| F|  |TAMS 0x0000000089f00000, 0x0000000089f00000| Untracked 
|  92|0x000000008a000000, 0x000000008a000000, 0x000000008a100000|  0%| F|  |TAMS 0x000000008a000000, 0x000000008a000000| Untracked 
|  93|0x000000008a100000, 0x000000008a100000, 0x000000008a200000|  0%| F|  |TAMS 0x000000008a100000, 0x000000008a100000| Untracked 
|  94|0x000000008a200000, 0x000000008a200000, 0x000000008a300000|  0%| F|  |TAMS 0x000000008a200000, 0x000000008a200000| Untracked 
|  95|0x000000008a300000, 0x000000008a300000, 0x000000008a400000|  0%| F|  |TAMS 0x000000008a300000, 0x000000008a300000| Untracked 
|  96|0x000000008a400000, 0x000000008a400000, 0x000000008a500000|  0%| F|  |TAMS 0x000000008a400000, 0x000000008a400000| Untracked 
|  97|0x000000008a500000, 0x000000008a500000, 0x000000008a600000|  0%| F|  |TAMS 0x000000008a500000, 0x000000008a500000| Untracked 
|  98|0x000000008a600000, 0x000000008a700000, 0x000000008a700000|100%| S|CS|TAMS 0x000000008a600000, 0x000000008a600000| Complete 
|  99|0x000000008a700000, 0x000000008a800000, 0x000000008a800000|100%| S|CS|TAMS 0x000000008a700000, 0x000000008a700000| Complete 
| 100|0x000000008a800000, 0x000000008a900000, 0x000000008a900000|100%| S|CS|TAMS 0x000000008a800000, 0x000000008a800000| Complete 
| 101|0x000000008a900000, 0x000000008a900000, 0x000000008aa00000|  0%| F|  |TAMS 0x000000008a900000, 0x000000008a900000| Untracked 
| 102|0x000000008aa00000, 0x000000008aa00000, 0x000000008ab00000|  0%| F|  |TAMS 0x000000008aa00000, 0x000000008aa00000| Untracked 
| 103|0x000000008ab00000, 0x000000008ab00000, 0x000000008ac00000|  0%| F|  |TAMS 0x000000008ab00000, 0x000000008ab00000| Untracked 
| 104|0x000000008ac00000, 0x000000008ac00000, 0x000000008ad00000|  0%| F|  |TAMS 0x000000008ac00000, 0x000000008ac00000| Untracked 
| 105|0x000000008ad00000, 0x000000008ad80000, 0x000000008ae00000| 50%| E|  |TAMS 0x000000008ad00000, 0x000000008ad00000| Complete 
| 106|0x000000008ae00000, 0x000000008af00000, 0x000000008af00000|100%| E|CS|TAMS 0x000000008ae00000, 0x000000008ae00000| Complete 
| 107|0x000000008af00000, 0x000000008b000000, 0x000000008b000000|100%| E|CS|TAMS 0x000000008af00000, 0x000000008af00000| Complete 
| 108|0x000000008b000000, 0x000000008b100000, 0x000000008b100000|100%| E|CS|TAMS 0x000000008b000000, 0x000000008b000000| Complete 
| 109|0x000000008b100000, 0x000000008b200000, 0x000000008b200000|100%| E|CS|TAMS 0x000000008b100000, 0x000000008b100000| Complete 
| 110|0x000000008b200000, 0x000000008b300000, 0x000000008b300000|100%| E|CS|TAMS 0x000000008b200000, 0x000000008b200000| Complete 
| 111|0x000000008b300000, 0x000000008b400000, 0x000000008b400000|100%| E|CS|TAMS 0x000000008b300000, 0x000000008b300000| Complete 
| 112|0x000000008b400000, 0x000000008b500000, 0x000000008b500000|100%| E|CS|TAMS 0x000000008b400000, 0x000000008b400000| Complete 
| 113|0x000000008b500000, 0x000000008b600000, 0x000000008b600000|100%| E|CS|TAMS 0x000000008b500000, 0x000000008b500000| Complete 
| 114|0x000000008b600000, 0x000000008b700000, 0x000000008b700000|100%| E|CS|TAMS 0x000000008b600000, 0x000000008b600000| Complete 
| 115|0x000000008b700000, 0x000000008b800000, 0x000000008b800000|100%| E|CS|TAMS 0x000000008b700000, 0x000000008b700000| Complete 
| 116|0x000000008b800000, 0x000000008b900000, 0x000000008b900000|100%| E|CS|TAMS 0x000000008b800000, 0x000000008b800000| Complete 
| 117|0x000000008b900000, 0x000000008ba00000, 0x000000008ba00000|100%| E|CS|TAMS 0x000000008b900000, 0x000000008b900000| Complete 
| 118|0x000000008ba00000, 0x000000008bb00000, 0x000000008bb00000|100%| E|CS|TAMS 0x000000008ba00000, 0x000000008ba00000| Complete 
| 119|0x000000008bb00000, 0x000000008bc00000, 0x000000008bc00000|100%| E|CS|TAMS 0x000000008bb00000, 0x000000008bb00000| Complete 
| 120|0x000000008bc00000, 0x000000008bd00000, 0x000000008bd00000|100%| E|CS|TAMS 0x000000008bc00000, 0x000000008bc00000| Complete 
| 121|0x000000008bd00000, 0x000000008be00000, 0x000000008be00000|100%| E|CS|TAMS 0x000000008bd00000, 0x000000008bd00000| Complete 
| 122|0x000000008be00000, 0x000000008bf00000, 0x000000008bf00000|100%| E|CS|TAMS 0x000000008be00000, 0x000000008be00000| Complete 
| 123|0x000000008bf00000, 0x000000008c000000, 0x000000008c000000|100%| E|CS|TAMS 0x000000008bf00000, 0x000000008bf00000| Complete 

Card table byte_map: [0x00000200ff0a0000,0x00000200ff480000] _byte_map_base: 0x00000200fec7e000

Marking Bits (Prev, Next): (CMBitMap*) 0x00000200fe93eb20, (CMBitMap*) 0x00000200fe93eb60
 Prev Bits: [0x0000020096aa0000, 0x0000020098990000)
 Next Bits: [0x0000020098990000, 0x000002009a880000)

Polling page: 0x00000200fc810000

Metaspace:

Usage:
  Non-class:      5.96 MB used.
      Class:    831.02 KB used.
       Both:      6.77 MB used.

Virtual space:
  Non-class space:       64.00 MB reserved,       6.00 MB (  9%) committed,  1 nodes.
      Class space:        1.00 GB reserved,     896.00 KB ( <1%) committed,  1 nodes.
             Both:        1.06 GB reserved,       6.88 MB ( <1%) committed. 

Chunk freelists:
   Non-Class:  8.19 MB
       Class:  15.12 MB
        Both:  23.31 MB

MaxMetaspaceSize: unlimited
CompressedClassSpaceSize: 1.00 GB
Initial GC threshold: 21.00 MB
Current GC threshold: 21.00 MB
CDS: on
MetaspaceReclaimPolicy: balanced
 - commit_granule_bytes: 65536.
 - commit_granule_words: 8192.
 - virtual_space_node_default_size: 8388608.
 - enlarge_chunks_in_place: 1.
 - new_chunks_are_fully_committed: 0.
 - uncommit_free_chunks: 1.
 - use_allocation_guard: 0.
 - handle_deallocations: 1.


Internal statistics:

num_allocs_failed_limit: 0.
num_arena_births: 48.
num_arena_deaths: 0.
num_vsnodes_births: 2.
num_vsnodes_deaths: 0.
num_space_committed: 110.
num_space_uncommitted: 0.
num_chunks_returned_to_freelist: 0.
num_chunks_taken_from_freelist: 265.
num_chunk_merges: 0.
num_chunk_splits: 170.
num_chunks_enlarged: 140.
num_inconsistent_stats: 0.

CodeHeap 'non-profiled nmethods': size=120000Kb used=631Kb max_used=631Kb free=119368Kb
 bounds [0x000002008f570000, 0x000002008f7e0000, 0x0000020096aa0000]
CodeHeap 'profiled nmethods': size=120000Kb used=2754Kb max_used=2754Kb free=117245Kb
 bounds [0x0000020087aa0000, 0x0000020087d60000, 0x000002008efd0000]
CodeHeap 'non-nmethods': size=5760Kb used=1148Kb max_used=1200Kb free=4611Kb
 bounds [0x000002008efd0000, 0x000002008f240000, 0x000002008f570000]
 total_blobs=1873 nmethods=1435 adapters=351
 compilation: enabled
              stopped_count=0, restarted_count=0
 full_count=0

Compilation events (20 events):
Event: 1.959 Thread 0x000002009cb45d10 1383       3       com.google.common.cache.LocalCache::expiresAfterWrite (15 bytes)
Event: 1.959 Thread 0x000002009cb45d10 nmethod 1383 0x0000020087d33a90 code [0x0000020087d33c20, 0x0000020087d33d98]
Event: 1.962 Thread 0x000002009cb45d10 1384       3       sun.reflect.generics.parser.SignatureParser::mark (9 bytes)
Event: 1.962 Thread 0x000002009cb45d10 nmethod 1384 0x0000020087d33e10 code [0x0000020087d33fa0, 0x0000020087d340b8]
Event: 1.962 Thread 0x000002009cb45d10 1385       3       sun.reflect.generics.parser.SignatureParser::markToCurrent (16 bytes)
Event: 1.962 Thread 0x000002009cb45d10 nmethod 1385 0x0000020087d34190 code [0x0000020087d34340, 0x0000020087d34488]
Event: 1.965 Thread 0x000002009cb45d10 1386       3       com.google.inject.Key::get (12 bytes)
Event: 1.965 Thread 0x000002009cb45d10 nmethod 1386 0x0000020087d34590 code [0x0000020087d34780, 0x0000020087d34ce8]
Event: 1.965 Thread 0x000002009cb45d10 1387       1       jdk.internal.loader.URLClassPath$JarLoader$2::getURL (5 bytes)
Event: 1.965 Thread 0x000002009cb45d10 nmethod 1387 0x000002008f608e10 code [0x000002008f608fa0, 0x000002008f609078]
Event: 1.969 Thread 0x000002009cb45d10 1388       3       java.lang.Class::copyMethods (36 bytes)
Event: 1.971 Thread 0x000002009cb45d10 nmethod 1388 0x0000020087d34f10 code [0x0000020087d35160, 0x0000020087d35bc8]
Event: 1.971 Thread 0x000002009cb45d10 1389       3       java.util.WeakHashMap::isEmpty (13 bytes)
Event: 1.972 Thread 0x000002009cb45d10 nmethod 1389 0x0000020087d36010 code [0x0000020087d361c0, 0x0000020087d36408]
Event: 1.972 Thread 0x000002009cb45d10 1390       3       java.util.WeakHashMap::size (18 bytes)
Event: 1.973 Thread 0x000002009cb45d10 nmethod 1390 0x0000020087d36510 code [0x0000020087d366c0, 0x0000020087d36868]
Event: 1.973 Thread 0x000002009cb45d10 1391       3       java.util.HashMap::tableSizeFor (32 bytes)
Event: 1.974 Thread 0x000002009cb45d10 nmethod 1391 0x0000020087d36910 code [0x0000020087d36ac0, 0x0000020087d36cc8]
Event: 1.978 Thread 0x000002009cb45d10 1392       1       java.util.Collections$EmptyIterator::hasNext (2 bytes)
Event: 1.978 Thread 0x000002009cb45d10 nmethod 1392 0x000002008f609110 code [0x000002008f6092a0, 0x000002008f609378]

GC Heap History (2 events):
Event: 1.387 GC heap before
{Heap before GC invocations=0 (full 0):
 garbage-first heap   total 126976K, used 23552K [0x0000000084400000, 0x0000000100000000)
  region size 1024K, 23 young (23552K), 0 survivors (0K)
 Metaspace       used 5395K, committed 5568K, reserved 1114112K
  class space    used 648K, committed 768K, reserved 1048576K
}
Event: 1.401 GC heap after
{Heap after GC invocations=1 (full 0):
 garbage-first heap   total 126976K, used 3652K [0x0000000084400000, 0x0000000100000000)
  region size 1024K, 3 young (3072K), 3 survivors (3072K)
 Metaspace       used 5395K, committed 5568K, reserved 1114112K
  class space    used 648K, committed 768K, reserved 1048576K
}

Dll operation events (8 events):
Event: 0.015 Loaded shared library C:\Program Files\Eclipse Adoptium\jdk-17.0.16.8-hotspot\bin\java.dll
Event: 0.039 Loaded shared library C:\Program Files\Eclipse Adoptium\jdk-17.0.16.8-hotspot\bin\jsvml.dll
Event: 0.080 Loaded shared library C:\Program Files\Eclipse Adoptium\jdk-17.0.16.8-hotspot\bin\net.dll
Event: 0.083 Loaded shared library C:\Program Files\Eclipse Adoptium\jdk-17.0.16.8-hotspot\bin\nio.dll
Event: 0.091 Loaded shared library C:\Program Files\Eclipse Adoptium\jdk-17.0.16.8-hotspot\bin\zip.dll
Event: 0.397 Loaded shared library C:\Program Files\Eclipse Adoptium\jdk-17.0.16.8-hotspot\bin\jimage.dll
Event: 0.401 Loaded shared library C:\Users\DELL\.m2\wrapper\dists\apache-maven-3.9.11\d6d3cbd4012d4c1d840e93277aca316c\lib\jansi-native\Windows\x86_64\jansi.dll
Event: 0.430 Loaded shared library C:\Program Files\Eclipse Adoptium\jdk-17.0.16.8-hotspot\bin\verify.dll

Deoptimization events (20 events):
Event: 1.562 Thread 0x00000200fc62e9b0 DEOPT PACKING pc=0x000002008f5e33c8 sp=0x00000041d9ffd3c0
Event: 1.562 Thread 0x00000200fc62e9b0 DEOPT UNPACKING pc=0x000002008f0269a3 sp=0x00000041d9ffd348 mode 2
Event: 1.562 Thread 0x00000200fc62e9b0 Uncommon trap: trap_request=0xffffffde fr.pc=0x000002008f5e33c8 relative=0x0000000000000128
Event: 1.562 Thread 0x00000200fc62e9b0 Uncommon trap: reason=class_check action=maybe_recompile pc=0x000002008f5e33c8 method=jdk.internal.misc.Unsafe.allocateUninitializedArray(Ljava/lang/Class;I)Ljava/lang/Object; @ 51 c2
Event: 1.562 Thread 0x00000200fc62e9b0 DEOPT PACKING pc=0x000002008f5e33c8 sp=0x00000041d9ffd090
Event: 1.562 Thread 0x00000200fc62e9b0 DEOPT UNPACKING pc=0x000002008f0269a3 sp=0x00000041d9ffd018 mode 2
Event: 1.563 Thread 0x00000200fc62e9b0 Uncommon trap: trap_request=0xffffffde fr.pc=0x000002008f5e33c8 relative=0x0000000000000128
Event: 1.563 Thread 0x00000200fc62e9b0 Uncommon trap: reason=class_check action=maybe_recompile pc=0x000002008f5e33c8 method=jdk.internal.misc.Unsafe.allocateUninitializedArray(Ljava/lang/Class;I)Ljava/lang/Object; @ 51 c2
Event: 1.563 Thread 0x00000200fc62e9b0 DEOPT PACKING pc=0x000002008f5e33c8 sp=0x00000041d9ffd250
Event: 1.563 Thread 0x00000200fc62e9b0 DEOPT UNPACKING pc=0x000002008f0269a3 sp=0x00000041d9ffd1d8 mode 2
Event: 1.575 Thread 0x00000200fc62e9b0 Uncommon trap: trap_request=0xffffff45 fr.pc=0x000002008f5c4d5c relative=0x00000000000008dc
Event: 1.575 Thread 0x00000200fc62e9b0 Uncommon trap: reason=unstable_if action=reinterpret pc=0x000002008f5c4d5c method=java.util.HashMap.putVal(ILjava/lang/Object;Ljava/lang/Object;ZZ)Ljava/lang/Object; @ 181 c2
Event: 1.575 Thread 0x00000200fc62e9b0 DEOPT PACKING pc=0x000002008f5c4d5c sp=0x00000041d9ffd9e0
Event: 1.575 Thread 0x00000200fc62e9b0 DEOPT UNPACKING pc=0x000002008f0269a3 sp=0x00000041d9ffd970 mode 2
Event: 1.854 Thread 0x00000200fc62e9b0 Uncommon trap: trap_request=0xffffff45 fr.pc=0x000002008f5ff514 relative=0x00000000000006d4
Event: 1.854 Thread 0x00000200fc62e9b0 Uncommon trap: reason=unstable_if action=reinterpret pc=0x000002008f5ff514 method=java.lang.String.<init>([CIILjava/lang/Void;)V @ 5 c2
Event: 1.854 Thread 0x00000200fc62e9b0 DEOPT PACKING pc=0x000002008f5ff514 sp=0x00000041d9ffd9d0
Event: 1.854 Thread 0x00000200fc62e9b0 DEOPT UNPACKING pc=0x000002008f0269a3 sp=0x00000041d9ffd870 mode 2
Event: 1.917 Thread 0x00000200fc62e9b0 DEOPT PACKING pc=0x0000020087cdcf88 sp=0x00000041d9ffdb70
Event: 1.917 Thread 0x00000200fc62e9b0 DEOPT UNPACKING pc=0x000002008f027143 sp=0x00000041d9ffcfe0 mode 0

Classes loaded (20 events):
Event: 1.714 Loading class jdk/internal/reflect/ByteVectorImpl
Event: 1.714 Loading class jdk/internal/reflect/ByteVector
Event: 1.714 Loading class jdk/internal/reflect/ByteVector done
Event: 1.715 Loading class jdk/internal/reflect/ByteVectorImpl done
Event: 1.715 Loading class jdk/internal/reflect/ClassFileAssembler
Event: 1.715 Loading class jdk/internal/reflect/ClassFileAssembler done
Event: 1.715 Loading class jdk/internal/reflect/UTF8
Event: 1.715 Loading class jdk/internal/reflect/UTF8 done
Event: 1.716 Loading class jdk/internal/reflect/Label
Event: 1.716 Loading class jdk/internal/reflect/Label done
Event: 1.716 Loading class jdk/internal/reflect/Label$PatchInfo
Event: 1.716 Loading class jdk/internal/reflect/Label$PatchInfo done
Event: 1.716 Loading class jdk/internal/reflect/MethodAccessorGenerator$1
Event: 1.716 Loading class jdk/internal/reflect/MethodAccessorGenerator$1 done
Event: 1.716 Loading class jdk/internal/reflect/ClassDefiner
Event: 1.716 Loading class jdk/internal/reflect/ClassDefiner done
Event: 1.716 Loading class jdk/internal/reflect/ClassDefiner$1
Event: 1.716 Loading class jdk/internal/reflect/ClassDefiner$1 done
Event: 1.717 Loading class jdk/internal/reflect/BootstrapConstructorAccessorImpl
Event: 1.717 Loading class jdk/internal/reflect/BootstrapConstructorAccessorImpl done

Classes unloaded (0 events):
No events

Classes redefined (0 events):
No events

Internal exceptions (20 events):
Event: 0.390 Thread 0x00000200fc62e9b0 Exception <a 'java/lang/NullPointerException'{0x000000008bb68720}> (0x000000008bb68720) 
thrown [s\src\hotspot\share\interpreter\linkResolver.cpp, line 1350]
Event: 0.410 Thread 0x00000200fc62e9b0 Exception <a 'java/lang/NullPointerException'{0x000000008bb8baf0}> (0x000000008bb8baf0) 
thrown [s\src\hotspot\share\interpreter\linkResolver.cpp, line 1350]
Event: 0.410 Thread 0x00000200fc62e9b0 Exception <a 'java/lang/NullPointerException'{0x000000008bb8bdc8}> (0x000000008bb8bdc8) 
thrown [s\src\hotspot\share\interpreter\linkResolver.cpp, line 1350]
Event: 0.410 Thread 0x00000200fc62e9b0 Exception <a 'java/lang/NullPointerException'{0x000000008bb8c0a0}> (0x000000008bb8c0a0) 
thrown [s\src\hotspot\share\interpreter\linkResolver.cpp, line 1350]
Event: 0.412 Thread 0x00000200fc62e9b0 Exception <a 'java/lang/NullPointerException'{0x000000008bb93028}> (0x000000008bb93028) 
thrown [s\src\hotspot\share\interpreter\linkResolver.cpp, line 1350]
Event: 0.415 Thread 0x00000200fc62e9b0 Exception <a 'java/lang/NullPointerException'{0x000000008bbaa220}> (0x000000008bbaa220) 
thrown [s\src\hotspot\share\interpreter\linkResolver.cpp, line 1350]
Event: 0.415 Thread 0x00000200fc62e9b0 Exception <a 'java/lang/NullPointerException'{0x000000008bbaa4f8}> (0x000000008bbaa4f8) 
thrown [s\src\hotspot\share\interpreter\linkResolver.cpp, line 1350]
Event: 0.416 Thread 0x00000200fc62e9b0 Exception <a 'java/lang/NullPointerException'{0x000000008bbaa7d0}> (0x000000008bbaa7d0) 
thrown [s\src\hotspot\share\interpreter\linkResolver.cpp, line 1350]
Event: 0.416 Thread 0x00000200fc62e9b0 Exception <a 'java/lang/NullPointerException'{0x000000008bbaaaa8}> (0x000000008bbaaaa8) 
thrown [s\src\hotspot\share\interpreter\linkResolver.cpp, line 1350]
Event: 0.451 Thread 0x00000200fc62e9b0 Exception <a 'java/lang/NoSuchMethodError'{0x000000008babab18}: 'void java.lang.invoke.DirectMethodHandle$Holder.invokeStatic(java.lang.Object, java.lang.Object)'> (0x000000008babab18) 
thrown [s\src\hotspot\share\interpreter\linkResolver.cpp, line 759]
Event: 0.451 Thread 0x00000200fc62e9b0 Exception <a 'java/lang/NoSuchMethodError'{0x000000008babe430}: 'void java.lang.invoke.DirectMethodHandle$Holder.invokeStaticInit(java.lang.Object, java.lang.Object)'> (0x000000008babe430) 
thrown [s\src\hotspot\share\interpreter\linkResolver.cpp, line 759]
Event: 0.478 Thread 0x00000200fc62e9b0 Exception <a 'java/lang/NoSuchMethodError'{0x000000008b915a40}: 'void java.lang.invoke.DirectMethodHandle$Holder.invokeStatic(java.lang.Object, java.lang.Object, java.lang.Object)'> (0x000000008b915a40) 
thrown [s\src\hotspot\share\interpreter\linkResolver.cpp, line 759]
Event: 0.642 Thread 0x00000200fc62e9b0 Exception <a 'java/lang/NoSuchMethodError'{0x000000008b8bf920}: 'java.lang.Object java.lang.invoke.DirectMethodHandle$Holder.invokeSpecialIFC(java.lang.Object, java.lang.Object, java.lang.Object, java.lang.Object)'> (0x000000008b8bf920) 
thrown [s\src\hotspot\share\interpreter\linkResolver.cpp, line 759]
Event: 1.046 Thread 0x00000200fc62e9b0 Exception <a 'java/lang/NoSuchMethodError'{0x000000008b10f6c8}: 'void java.lang.invoke.DirectMethodHandle$Holder.invokeSpecial(java.lang.Object, java.lang.Object, java.lang.Object)'> (0x000000008b10f6c8) 
thrown [s\src\hotspot\share\interpreter\linkResolver.cpp, line 759]
Event: 1.105 Thread 0x00000200fc62e9b0 Exception <a 'java/lang/NoSuchMethodError'{0x000000008b0826a8}: 'java.lang.Object java.lang.invoke.DirectMethodHandle$Holder.invokeInterface(java.lang.Object, java.lang.Object)'> (0x000000008b0826a8) 
thrown [s\src\hotspot\share\interpreter\linkResolver.cpp, line 759]
Event: 1.128 Thread 0x00000200fc62e9b0 Exception <a 'java/lang/NoSuchMethodError'{0x000000008af36458}: 'java.lang.Object java.lang.invoke.Invokers$Holder.invokeExact_MT(java.lang.Object, java.lang.Object, java.lang.Object, java.lang.Object, java.lang.Object, java.lang.Object)'> (0x000000008af36458) 
thrown [s\src\hotspot\share\interpreter\linkResolver.cpp, line 759]
Event: 1.131 Thread 0x00000200fc62e9b0 Exception <a 'java/lang/NoSuchMethodError'{0x000000008af478d8}: 'int java.lang.invoke.DirectMethodHandle$Holder.invokeSpecialIFC(java.lang.Object, java.lang.Object, java.lang.Object, java.lang.Object, java.lang.Object)'> (0x000000008af478d8) 
thrown [s\src\hotspot\share\interpreter\linkResolver.cpp, line 759]
Event: 1.198 Thread 0x00000200fc62e9b0 Exception <a 'java/lang/NoSuchMethodError'{0x000000008ad039b8}: 'java.lang.Object java.lang.invoke.DirectMethodHandle$Holder.newInvokeSpecial(java.lang.Object, java.lang.Object, java.lang.Object, java.lang.Object, java.lang.Object)'> (0x000000008ad039b8) 
thrown [s\src\hotspot\share\interpreter\linkResolver.cpp, line 759]
Event: 1.252 Thread 0x00000200fc62e9b0 Exception <a 'java/lang/NoSuchMethodError'{0x000000008ac2c7d8}: 'int java.lang.invoke.DirectMethodHandle$Holder.invokeStaticInit(java.lang.Object, java.lang.Object)'> (0x000000008ac2c7d8) 
thrown [s\src\hotspot\share\interpreter\linkResolver.cpp, line 759]
Event: 1.268 Thread 0x00000200fc62e9b0 Exception <a 'java/lang/NoClassDefFoundError'{0x000000008ac669c0}: javax/enterprise/inject/Typed> (0x000000008ac669c0) 
thrown [s\src\hotspot\share\classfile\systemDictionary.cpp, line 245]

VM Operations (10 events):
Event: 0.092 Executing VM operation: HandshakeAllThreads
Event: 0.093 Executing VM operation: HandshakeAllThreads done
Event: 0.388 Executing VM operation: HandshakeAllThreads
Event: 0.388 Executing VM operation: HandshakeAllThreads done
Event: 0.405 Executing VM operation: HandshakeAllThreads
Event: 0.405 Executing VM operation: HandshakeAllThreads done
Event: 0.681 Executing VM operation: HandshakeAllThreads
Event: 0.681 Executing VM operation: HandshakeAllThreads done
Event: 1.386 Executing VM operation: G1CollectForAllocation
Event: 1.401 Executing VM operation: G1CollectForAllocation done

Memory protections (0 events):
No events

Nmethod flushes (0 events):
No events

Events (15 events):
Event: 0.040 Thread 0x00000200fc62e9b0 Thread added: 0x00000200fc62e9b0
Event: 0.042 Thread 0x00000200fc62e9b0 Thread added: 0x000002009cb266e0
Event: 0.043 Thread 0x00000200fc62e9b0 Thread added: 0x000002009cb27270
Event: 0.052 Thread 0x00000200fc62e9b0 Thread added: 0x000002009cb41040
Event: 0.052 Thread 0x00000200fc62e9b0 Thread added: 0x000002009cb41910
Event: 0.052 Thread 0x00000200fc62e9b0 Thread added: 0x000002009cb421e0
Event: 0.052 Thread 0x00000200fc62e9b0 Thread added: 0x000002009cb43ac0
Event: 0.053 Thread 0x00000200fc62e9b0 Thread added: 0x000002009cb45400
Event: 0.053 Thread 0x00000200fc62e9b0 Thread added: 0x000002009cb45d10
Event: 0.053 Thread 0x00000200fc62e9b0 Thread added: 0x000002009cb46230
Event: 0.072 Thread 0x00000200fc62e9b0 Thread added: 0x00000200e21185f0
Event: 0.075 Thread 0x00000200fc62e9b0 Thread added: 0x00000200e211ee10
Event: 0.394 Thread 0x00000200fc62e9b0 Thread added: 0x00000200e22fe610
Event: 0.412 Thread 0x00000200e22fe610 Thread exited: 0x00000200e22fe610
Event: 0.668 Thread 0x000002009cb45400 Thread added: 0x00000200e24f5290


Dynamic libraries:
0x00007ff69bf60000 - 0x00007ff69bf6e000 	C:\Program Files\Eclipse Adoptium\jdk-17.0.16.8-hotspot\bin\java.exe
0x00007ffd5fc70000 - 0x00007ffd5fe87000 	C:\WINDOWS\SYSTEM32\ntdll.dll
0x00007ffd5e820000 - 0x00007ffd5e8e4000 	C:\WINDOWS\System32\KERNEL32.DLL
0x00007ffd5d4c0000 - 0x00007ffd5d892000 	C:\WINDOWS\System32\KERNELBASE.dll
0x00007ffd5cd30000 - 0x00007ffd5ce41000 	C:\WINDOWS\System32\ucrtbase.dll
0x00007ffd44d60000 - 0x00007ffd44d7e000 	C:\Program Files\Eclipse Adoptium\jdk-17.0.16.8-hotspot\bin\VCRUNTIME140.dll
0x00007ffd507c0000 - 0x00007ffd507d7000 	C:\Program Files\Eclipse Adoptium\jdk-17.0.16.8-hotspot\bin\jli.dll
0x00007ffd5e660000 - 0x00007ffd5e811000 	C:\WINDOWS\System32\USER32.dll
0x00007ffd5d8a0000 - 0x00007ffd5d8c6000 	C:\WINDOWS\System32\win32u.dll
0x00007ffd5c050000 - 0x00007ffd5c2eb000 	C:\WINDOWS\WinSxS\amd64_microsoft.windows.common-controls_6595b64144ccf1df_6.0.22621.5547_none_27104afb73855772\COMCTL32.dll
0x00007ffd5f8f0000 - 0x00007ffd5f997000 	C:\WINDOWS\System32\msvcrt.dll
0x00007ffd5e9b0000 - 0x00007ffd5e9d9000 	C:\WINDOWS\System32\GDI32.dll
0x00007ffd5ce50000 - 0x00007ffd5cf73000 	C:\WINDOWS\System32\gdi32full.dll
0x00007ffd5d360000 - 0x00007ffd5d3fa000 	C:\WINDOWS\System32\msvcp_win.dll
0x00007ffd5f9a0000 - 0x00007ffd5f9d1000 	C:\WINDOWS\System32\IMM32.DLL
0x00007ffd53e80000 - 0x00007ffd53e8c000 	C:\Program Files\Eclipse Adoptium\jdk-17.0.16.8-hotspot\bin\vcruntime140_1.dll
0x00007ffd22a80000 - 0x00007ffd22b0d000 	C:\Program Files\Eclipse Adoptium\jdk-17.0.16.8-hotspot\bin\msvcp140.dll
0x00007ffcfd7e0000 - 0x00007ffcfe44b000 	C:\Program Files\Eclipse Adoptium\jdk-17.0.16.8-hotspot\bin\server\jvm.dll
0x00007ffd5e8f0000 - 0x00007ffd5e9a1000 	C:\WINDOWS\System32\ADVAPI32.dll
0x00007ffd5f6d0000 - 0x00007ffd5f778000 	C:\WINDOWS\System32\sechost.dll
0x00007ffd5cf80000 - 0x00007ffd5cfa8000 	C:\WINDOWS\System32\bcrypt.dll
0x00007ffd5f780000 - 0x00007ffd5f894000 	C:\WINDOWS\System32\RPCRT4.dll
0x00007ffd5f650000 - 0x00007ffd5f6c1000 	C:\WINDOWS\System32\WS2_32.dll
0x00007ffd5ca50000 - 0x00007ffd5ca9d000 	C:\WINDOWS\SYSTEM32\POWRPROF.dll
0x00007ffd53370000 - 0x00007ffd533a4000 	C:\WINDOWS\SYSTEM32\WINMM.dll
0x00007ffd5b2d0000 - 0x00007ffd5b2da000 	C:\WINDOWS\SYSTEM32\VERSION.dll
0x00007ffd5ca30000 - 0x00007ffd5ca43000 	C:\WINDOWS\SYSTEM32\UMPDC.dll
0x00007ffd5ae20000 - 0x00007ffd5ae38000 	C:\WINDOWS\SYSTEM32\kernel.appcore.dll
0x00007ffd52940000 - 0x00007ffd5294a000 	C:\Program Files\Eclipse Adoptium\jdk-17.0.16.8-hotspot\bin\jimage.dll
0x00007ffd5c5f0000 - 0x00007ffd5c823000 	C:\WINDOWS\SYSTEM32\DBGHELP.DLL
0x00007ffd5dcb0000 - 0x00007ffd5e043000 	C:\WINDOWS\System32\combase.dll
0x00007ffd5e0f0000 - 0x00007ffd5e1c7000 	C:\WINDOWS\System32\OLEAUT32.dll
0x00007ffd5c4e0000 - 0x00007ffd5c512000 	C:\WINDOWS\SYSTEM32\dbgcore.DLL
0x00007ffd5d2e0000 - 0x00007ffd5d35b000 	C:\WINDOWS\System32\bcryptPrimitives.dll
0x00007ffd3dcb0000 - 0x00007ffd3dcd5000 	C:\Program Files\Eclipse Adoptium\jdk-17.0.16.8-hotspot\bin\java.dll
0x00007ffd30790000 - 0x00007ffd30867000 	C:\Program Files\Eclipse Adoptium\jdk-17.0.16.8-hotspot\bin\jsvml.dll
0x00007ffd5e9e0000 - 0x00007ffd5f282000 	C:\WINDOWS\System32\SHELL32.dll
0x00007ffd5d1a0000 - 0x00007ffd5d2df000 	C:\WINDOWS\System32\wintypes.dll
0x00007ffd59d30000 - 0x00007ffd5a64d000 	C:\WINDOWS\SYSTEM32\windows.storage.dll
0x00007ffd5daa0000 - 0x00007ffd5dbac000 	C:\WINDOWS\System32\SHCORE.dll
0x00007ffd5f9e0000 - 0x00007ffd5fa49000 	C:\WINDOWS\System32\shlwapi.dll
0x00007ffd5cc60000 - 0x00007ffd5cc8b000 	C:\WINDOWS\SYSTEM32\profapi.dll
0x00007ffd43da0000 - 0x00007ffd43db9000 	C:\Program Files\Eclipse Adoptium\jdk-17.0.16.8-hotspot\bin\net.dll
0x00007ffd543f0000 - 0x00007ffd5451c000 	C:\WINDOWS\SYSTEM32\WINHTTP.dll
0x00007ffd5b210000 - 0x00007ffd5b279000 	C:\WINDOWS\system32\mswsock.dll
0x00007ffd425b0000 - 0x00007ffd425c6000 	C:\Program Files\Eclipse Adoptium\jdk-17.0.16.8-hotspot\bin\nio.dll
0x00007ffd42560000 - 0x00007ffd42578000 	C:\Program Files\Eclipse Adoptium\jdk-17.0.16.8-hotspot\bin\zip.dll
0x00007ffd45700000 - 0x00007ffd45724000 	C:\Users\DELL\.m2\wrapper\dists\apache-maven-3.9.11\d6d3cbd4012d4c1d840e93277aca316c\lib\jansi-native\Windows\x86_64\jansi.dll
0x00007ffd4ea90000 - 0x00007ffd4eaa0000 	C:\Program Files\Eclipse Adoptium\jdk-17.0.16.8-hotspot\bin\verify.dll

dbghelp: loaded successfully - version: 4.0.5 - missing functions: none
symbol engine: initialized successfully - sym options: 0x614 - pdb path: .;C:\Program Files\Eclipse Adoptium\jdk-17.0.16.8-hotspot\bin;C:\WINDOWS\SYSTEM32;C:\WINDOWS\WinSxS\amd64_microsoft.windows.common-controls_6595b64144ccf1df_6.0.22621.5547_none_27104afb73855772;C:\Program Files\Eclipse Adoptium\jdk-17.0.16.8-hotspot\bin\server;C:\Users\DELL\.m2\wrapper\dists\apache-maven-3.9.11\d6d3cbd4012d4c1d840e93277aca316c\lib\jansi-native\Windows\x86_64

VM Arguments:
jvm_args: --enable-native-access=ALL-UNNAMED -Dclassworlds.conf=C:\Users\DELL\.m2\wrapper\dists\apache-maven-3.9.11\d6d3cbd4012d4c1d840e93277aca316c\bin\m2.conf -Dmaven.home=C:\Users\DELL\.m2\wrapper\dists\apache-maven-3.9.11\d6d3cbd4012d4c1d840e93277aca316c -Dlibrary.jansi.path=C:\Users\DELL\.m2\wrapper\dists\apache-maven-3.9.11\d6d3cbd4012d4c1d840e93277aca316c\lib\jansi-native -Dmaven.multiModuleProjectDirectory=C:\Users\DELL\OneDrive\Documents\BBV\googledrive 
java_command: org.codehaus.plexus.classworlds.launcher.Launcher -Dexec.vmArgs=-Dfile.encoding=UTF-8 -Dexec.args=${exec.vmArgs} -classpath %classpath ${exec.mainClass} ${exec.appArgs} -Dexec.appArgs= -Dexec.mainClass=${packageClassName} -Dexec.executable=C:\Program Files\Eclipse Adoptium\jdk-17.0.16.8-hotspot\bin\java.exe -DskipTests=true -Dmaven.ext.class.path=C:\Users\DELL\.vscode\extensions\oracle.oracle-java-24.0.0\nbcode\java\maven-nblib\netbeans-eventspy.jar --no-transfer-progress process-classes org.codehaus.mojo:exec-maven-plugin:3.1.0:exec
java_class_path (initial): C:\Users\DELL\.m2\wrapper\dists\apache-maven-3.9.11\d6d3cbd4012d4c1d840e93277aca316c\boot\plexus-classworlds-2.9.0.jar
Launcher Type: SUN_STANDARD

[Global flags]
     intx CICompilerCount                          = 4                                         {product} {ergonomic}
     uint ConcGCThreads                            = 2                                         {product} {ergonomic}
     uint G1ConcRefinementThreads                  = 8                                         {product} {ergonomic}
   size_t G1HeapRegionSize                         = 1048576                                   {product} {ergonomic}
    uintx GCDrainStackTargetSize                   = 64                                        {product} {ergonomic}
   size_t InitialHeapSize                          = 130023424                                 {product} {ergonomic}
   size_t MarkStackSize                            = 4194304                                   {product} {ergonomic}
   size_t MaxHeapSize                              = 2076180480                                {product} {ergonomic}
   size_t MaxNewSize                               = 1245708288                                {product} {ergonomic}
   size_t MinHeapDeltaBytes                        = 1048576                                   {product} {ergonomic}
   size_t MinHeapSize                              = 8388608                                   {product} {ergonomic}
    uintx NonNMethodCodeHeapSize                   = 5839372                                {pd product} {ergonomic}
    uintx NonProfiledCodeHeapSize                  = 122909434                              {pd product} {ergonomic}
    uintx ProfiledCodeHeapSize                     = 122909434                              {pd product} {ergonomic}
    uintx ReservedCodeCacheSize                    = 251658240                              {pd product} {ergonomic}
     bool SegmentedCodeCache                       = true                                      {product} {ergonomic}
   size_t SoftMaxHeapSize                          = 2076180480                             {manageable} {ergonomic}
     bool UseCompressedClassPointers               = true                           {product lp64_product} {ergonomic}
     bool UseCompressedOops                        = true                           {product lp64_product} {ergonomic}
     bool UseG1GC                                  = true                                      {product} {ergonomic}
     bool UseLargePagesIndividualAllocation        = false                                  {pd product} {ergonomic}

Logging:
Log output configuration:
 #0: stdout all=warning uptime,level,tags
 #1: stderr all=off uptime,level,tags

Environment Variables:
JAVA_HOME=C:\Program Files\Eclipse Adoptium\jdk-17.0.16.8-hotspot
PATH=C:\Program Files\Eclipse Adoptium\jdk-17.0.16.8-hotspot\bin;C:\Program Files\Eclipse Adoptium\jdk-21.0.8.9-hotspot\bin;C:\Program Files\Common Files\Oracle\Java\javapath;C:\Program Files (x86)\VMware\VMware Workstation\bin\;C:\Program Files (x86)\Common Files\Oracle\Java\java8path;C:\Program Files (x86)\Common Files\Oracle\Java\javapath;C:\Program Files (x86)\Razer Chroma SDK\bin;C:\Program Files\Razer Chroma SDK\bin;C:\Program Files (x86)\Razer\ChromaBroadcast\bin;C:\Program Files\Razer\ChromaBroadcast\bin;C:\WINDOWS\system32;C:\WINDOWS;C:\WINDOWS\System32\Wbem;C:\WINDOWS\System32\WindowsPowerShell\v1.0\;C:\WINDOWS\System32\OpenSSH\;C:\Program Files (x86)\Intel\Intel(R) Management Engine Components\DAL;C:\Program Files\Intel\Intel(R) Management Engine Components\DAL;C:\Python27;C:\FPC\3.0.4\bin\i386-Win32;C:\WINDOWS\system32\config\systemprofile\AppData\Local\Microsoft\WindowsApps;C:\WINDOWS\system32;C:\WINDOWS;C:\WINDOWS\System32\Wbem;C:\WINDOWS\System32\WindowsPowerShell\v1.0\;C:\WINDOWS\System32\OpenSSH\;C:\Program Files\dotnet\;C:\Program Files (x86)\dotnet\;C:\ProgramData\chocolatey\bin;C:\Program Files (x86)\Java\jre-1.8\bin;C:\Program Files\Java\jdk-23\bin;C:\Program Files\MySQL\MySQL Server 8.0\bin;C:\Program Files\Git\cmd;C:\Program Files\apache-maven-3.9.11\bin;C:\Program Files\Eclipse Adoptium\jdk-17.0.16.8-hotspot\bin;C:\Program Files\MySQL\MySQL Shell 8.0\bin\;C:\Users\DELL\AppData\Local\Programs\Python\Python39\Scripts\;C:\Users\DELL\AppData\Local\Programs\Python\Python39\;C:\Users\DELL\AppData\Local\Microsoft\WindowsApps;C:\Users\DELL\AppData\Local\Microsoft\WindowsApps;C:\Users\DELL\AppData\Local\Programs\Microsoft VS Code\bin;C:\Program Files\JetBrains\PyCharm 2022.3\bin;;C:\Program Files\JetBrains\PyCharm Community Edition 2022.3\bin;;C:\Program Files\Azure Data Studio\bin;C:\Users\DELL\Downloads\FUV_student_hw1.java;C:\Users\DELL\.dotnet\tools;C:\Users\DELL\AppData\Local\GitHubDesktop\bin
USERNAME=DELL
OS=Windows_NT
PROCESSOR_IDENTIFIER=Intel64 Family 6 Model 142 Stepping 10, GenuineIntel
TMP=C:\Users\DELL\AppData\Local\Temp
TEMP=C:\Users\DELL\AppData\Local\Temp



Periodic native trim disabled


---------------  S Y S T E M  ---------------

OS:
 Windows 11 , 64 bit Build 22621 (10.0.22621.5415)
OS uptime: 4 days 20:26 hours

CPU: total 8 (initial active 8) (4 cores per cpu, 2 threads per core) family 6 model 142 stepping 10 microcode 0xea, cx8, cmov, fxsr, ht, mmx, 3dnowpref, sse, sse2, sse3, ssse3, sse4.1, sse4.2, popcnt, lzcnt, tsc, tscinvbit, avx, avx2, aes, erms, clmul, bmi1, bmi2, adx, fma, vzeroupper, clflush, clflushopt
Processor Information for all 8 processors :
  Max Mhz: 2001, Current Mhz: 2001, Mhz Limit: 2001

Memory: 4k page, system-wide physical 7919M (446M free)
TotalPageFile size 15087M (AvailPageFile size 7M)
current process WorkingSet (physical memory assigned to process): 91M, peak: 91M
current process commit charge ("private bytes"): 232M, peak: 232M

vm_info: OpenJDK 64-Bit Server VM (17.0.16+8) for windows-amd64 JRE (17.0.16+8), built on Jul 16 2025 10:37:56 by "admin" with MS VC++ 17.7 (VS2022)

END.
